2017-10-01 16:06:13,582 - os.name - Linux
2017-10-01 16:06:13,583 - os.arch - amd64
2017-10-01 16:06:13,583 - os.version - 3.13.0-24-generic
2017-10-01 16:06:13,583 - java.version - 1.8.0_101
2017-10-01 16:06:13,583 - java.vendor - Oracle Corporation
2017-10-01 16:06:13,583 - java.vendor.url - http://java.oracle.com/
2017-10-01 16:06:13,583 - java.home - /usr/lib/jvm/jre1.8.0_101
2017-10-01 16:06:13,583 - java.vm.specification.name - Java Virtual Machine Specification
2017-10-01 16:06:13,584 - java.vm.specification.vendor - Oracle Corporation
2017-10-01 16:06:13,584 - java.vm.specification.version - 1.8
2017-10-01 16:06:13,584 - java.class.path - /usr/share/eclipse//plugins/org.eclipse.equinox.launcher_1.3.200.v20160318-1642.jar
2017-10-01 16:06:13,584 - java.library.path - /usr/java/packages/lib/amd64:/usr/lib64:/lib64:/lib:/usr/lib
2017-10-01 16:06:13,584 - --------------------------------------
2017-10-01 16:06:13,584 - ## Eclipse Plug-ins Log Information ##
2017-10-01 16:06:13,584 - --------------------------------------
2017-10-01 16:06:14,022 - org.gna.eclox.doxygen.core - 1.8.13.v20170413-1543
2017-10-01 16:06:14,074 - org.eclipse.emf.mapping.ecore - 2.6.0.v20160526-0356
2017-10-01 16:06:14,105 - org.eclipse.emf.mapping.ecore2ecore - 2.9.0.v20160526-0356
2017-10-01 16:06:14,146 - org.eclipse.emf.mapping.ecore2xml - 2.9.0.v20160526-0356
2017-10-01 16:06:14,247 - org.eclipse.egit.gitflow - 4.4.0.201606070830-r
2017-10-01 16:06:14,249 - org.eclipse.egit.gitflow.ui - 4.4.0.201606070830-r
2017-10-01 16:06:14,274 - org.eclipse.sequoyah.localization.android - 2.1.0.N20120718-0509
2017-10-01 16:06:14,287 - org.eclipse.sequoyah.localization.android.help - 2.1.1.N20120718-0509
2017-10-01 16:06:14,326 - org.eclipse.sequoyah.device.backward - 2.1.0.N20120718-0509
2017-10-01 16:06:14,326 - org.eclipse.sequoyah.device.framework - 2.1.0.N20120718-0509
2017-10-01 16:06:14,387 - org.eclipse.sequoyah.device.framework.ui - 2.1.0.N20120718-0509
2017-10-01 16:06:14,426 - org.eclipse.sequoyah.device.service.start - 2.1.0.N20120718-0509
2017-10-01 16:06:14,456 - org.eclipse.sequoyah.device.service.stop - 2.1.0.N20120718-0509
2017-10-01 16:06:14,470 - org.eclipse.sequoyah.device.framework.wizard - 2.1.0.N20120718-0509
2017-10-01 16:06:14,533 - org.eclipse.emf.codegen - 2.11.0.v20160526-0356
2017-10-01 16:06:14,572 - org.eclipse.emf - 2.6.0.v20160526-0356
2017-10-01 16:06:14,650 - org.eclipse.datatools.doc.user - 1.7.0.20090521092446
2017-10-01 16:06:14,665 - org.eclipse.datatools.oda.cshelp - 1.2.0.201603142002
2017-10-01 16:06:14,700 - org.eclipse.datatools.help - 1.6.0.201603142002
2017-10-01 16:06:14,749 - org.eclipse.gef - 3.11.0.201606061308
2017-10-01 16:06:14,777 - org.eclipse.jgit.pgm - 4.4.1.201607150455-r
2017-10-01 16:06:14,801 - org.eclipse.jgit.ui - 4.4.1.201607150455-r
2017-10-01 16:06:14,836 - org.apache.commons.compress - 1.6.0.v201310281400
2017-10-01 16:06:14,854 - org.kohsuke.args4j - 2.0.21.v201301150030
2017-10-01 16:06:14,856 - javaewah - 1.1.6.v20160919-1400
2017-10-01 16:06:14,896 - org.eclipse.draw2d - 3.10.100.201606061308
2017-10-01 16:06:14,931 - org.eclipse.emf.edit - 2.12.0.v20160526-0356
2017-10-01 16:06:15,001 - org.eclipse.datatools.enablement.sqlite - 1.1.0.201603142002
2017-10-01 16:06:15,015 - org.eclipse.datatools.enablement.sqlite.dbdefinition - 1.1.0.201603142002
2017-10-01 16:06:15,057 - org.eclipse.datatools.enablement.sqlite.ui - 1.1.0.201603142002
2017-10-01 16:06:15,057 - org.eclipse.datatools.enablement.finfo - 1.6.0.201603142002
2017-10-01 16:06:15,166 - org.eclipse.emf.codegen.ui - 2.6.0.v20160526-0356
2017-10-01 16:06:15,207 - org.eclipse.jgit.http.apache - 4.8.0.201706111038-r
2017-10-01 16:06:15,209 - org.apache.httpcomponents.httpcore - 4.3.3.v201411290715
2017-10-01 16:06:15,211 - org.apache.httpcomponents.httpclient - 4.3.6.v201511171540
2017-10-01 16:06:15,244 - org.eclipse.emf.databinding.edit - 1.3.0.v20160526-0356
2017-10-01 16:06:15,272 - org.eclipse.emf.converter - 2.7.0.v20160526-0356
2017-10-01 16:06:15,335 - org.eclipse.emf.importer - 2.9.0.v20160526-0356
2017-10-01 16:06:15,384 - org.eclipse.emf.exporter - 2.7.0.v20160526-0356
2017-10-01 16:06:15,423 - org.eclipse.emf.importer.ecore - 2.8.0.v20160526-0356
2017-10-01 16:06:15,441 - org.eclipse.emf.importer.java - 2.7.0.v20160526-0356
2017-10-01 16:06:15,458 - org.eclipse.emf.importer.rose - 2.8.0.v20160526-0356
2017-10-01 16:06:15,512 - org.eclipse.emf.codegen.ecore - 2.12.0.v20160526-0356
2017-10-01 16:06:15,534 - org.eclipse.emf.ant - 2.8.0.v20160526-0356
2017-10-01 16:06:15,575 - org.eclipse.emf.edit.ui - 2.12.0.v20160526-0356
2017-10-01 16:06:15,599 - org.eclipse.jgit.lfs - 4.4.1.201607150455-r
2017-10-01 16:06:15,633 - org.eclipse.jgit.lfs.server - 4.4.1.201607150455-r
2017-10-01 16:06:15,634 - com.google.gson - 2.2.4.v201311231704
2017-10-01 16:06:15,692 - org.eclipse.datatools.connectivity.oda.consumer - 3.3.0.201603142002
2017-10-01 16:06:15,743 - org.eclipse.datatools.connectivity.oda.design - 3.4.0.201603142002
2017-10-01 16:06:15,770 - org.eclipse.datatools.connectivity.oda.profile - 3.3.0.201603142002
2017-10-01 16:06:15,771 - org.eclipse.datatools.connectivity.oda - 3.5.0.201603142002
2017-10-01 16:06:15,771 - org.eclipse.datatools.connectivity - 1.13.0.201603142002
2017-10-01 16:06:15,843 - org.eclipse.andmore.android.certmanager - 0.5.0.201605181018
2017-10-01 16:06:15,869 - org.eclipse.pde - 3.12.0.v20160606-1100
2017-10-01 16:06:15,964 - org.eclipse.pde.build - 3.9.200.v20160204-0642
2017-10-01 16:06:15,965 - org.eclipse.pde.core - 3.11.0.v20160510-1223
2017-10-01 16:06:15,987 - org.eclipse.pde.junit.runtime - 3.5.0.v20151013-0625
2017-10-01 16:06:15,988 - org.eclipse.pde.runtime - 3.5.0.v20160418-1724
2017-10-01 16:06:16,025 - org.eclipse.pde.ui - 3.9.0.v20160525-1830
2017-10-01 16:06:16,079 - org.eclipse.pde.doc.user - 3.12.0.v20160601-2148
2017-10-01 16:06:16,138 - org.eclipse.pde.ui.templates - 3.6.0.v20160424-1948
2017-10-01 16:06:16,140 - org.eclipse.ui.views.log - 1.2.0.v20160418-1724
2017-10-01 16:06:16,214 - org.objectweb.asm - 5.0.1.v201404251740
2017-10-01 16:06:16,252 - org.objectweb.asm.tree - 5.0.1.v201404251740
2017-10-01 16:06:16,286 - org.eclipse.pde.api.tools - 1.1.0.v20160508-0834
2017-10-01 16:06:16,342 - org.eclipse.pde.api.tools.annotations - 1.0.100.v20160418-1724
2017-10-01 16:06:16,344 - org.eclipse.pde.api.tools.ui - 1.1.0.v20160519-0701
2017-10-01 16:06:16,400 - org.eclipse.pde.ds.core - 1.1.0.v20151201-1325
2017-10-01 16:06:16,440 - org.eclipse.pde.ds.ui - 1.1.0.v20160518-1843
2017-10-01 16:06:16,441 - org.eclipse.pde.launching - 3.6.400.v20160121-1248
2017-10-01 16:06:16,460 - org.eclipse.pde.ua.core - 1.0.500.v20160204-0642
2017-10-01 16:06:16,508 - org.eclipse.pde.ua.ui - 1.1.0.v20160518-1843
2017-10-01 16:06:16,509 - org.eclipse.ui.trace - 1.0.400.v20160509-1055
2017-10-01 16:06:16,547 - org.eclipse.pde.ds.annotations - 1.0.0.v20160525-1437
2017-10-01 16:06:16,571 - org.eclipse.sequoyah.localization.tools - 2.1.0.N20120718-0509
2017-10-01 16:06:16,587 - org.eclipse.sequoyah.localization.editor - 2.1.0.N20120718-0509
2017-10-01 16:06:16,699 - org.eclipse.datatools.connectivity.oda.design.ui - 3.3.0.201603142002
2017-10-01 16:06:16,701 - org.eclipse.datatools.connectivity.ui.dse - 1.2.0.201603142002
2017-10-01 16:06:16,781 - org.eclipse.datatools.connectivity.ui - 1.3.0.201603142002
2017-10-01 16:06:16,847 - org.eclipse.datatools.connectivity.sqm.core - 1.3.0.201603142002
2017-10-01 16:06:16,848 - org.eclipse.datatools.help - 1.6.0.201603142002
2017-10-01 16:06:17,014 - net.sourceforge.lpg.lpgjavaruntime - 1.1.0.v201004271650
2017-10-01 16:06:17,037 - org.eclipse.datatools.sqltools.parsers.sql.lexer - 1.1.0.201603142002
2017-10-01 16:06:17,051 - org.eclipse.datatools.sqltools.parsers.sql.query - 1.3.0.201603142002
2017-10-01 16:06:17,127 - org.eclipse.datatools.sqltools.parsers.sql.xml.query - 1.1.0.201603142002
2017-10-01 16:06:17,127 - org.eclipse.datatools.sqltools.parsers.sql - 1.1.0.201603142002
2017-10-01 16:06:17,225 - org.eclipse.team.svn - 4.0.4.I20170216-1700
2017-10-01 16:06:17,253 - org.eclipse.team.svn.core - 4.0.3.I20161129-1700
2017-10-01 16:06:17,288 - org.eclipse.team.svn.ui - 4.0.4.I20170216-1700
2017-10-01 16:06:17,290 - org.eclipse.team.svn.ui.startup - 4.0.0.I20160226-1700
2017-10-01 16:06:17,359 - org.eclipse.team.svn.help - 4.0.3.I20161129-1700
2017-10-01 16:06:17,534 - org.eclipse.datatools.sqltools.sql - 1.1.0.201603142002
2017-10-01 16:06:17,535 - org.eclipse.datatools.sqltools.common.ui - 1.1.0.201603142002
2017-10-01 16:06:17,536 - org.eclipse.datatools.sqltools.plan - 1.1.0.201603142002
2017-10-01 16:06:17,581 - org.eclipse.datatools.sqltools.editor.core - 1.1.0.201603142002
2017-10-01 16:06:17,665 - org.eclipse.datatools.sqltools.sqleditor - 1.1.0.201603142002
2017-10-01 16:06:17,666 - org.eclipse.datatools.sqltools.ddlgen.ui - 1.1.0.201603142002
2017-10-01 16:06:17,696 - org.eclipse.datatools.connectivity.db.generic - 1.1.0.201603142002
2017-10-01 16:06:17,716 - org.eclipse.datatools.sqltools.editor.core.ui - 1.1.0.201603142002
2017-10-01 16:06:17,745 - org.eclipse.datatools.sqltools.sql.ui - 1.1.0.201603142002
2017-10-01 16:06:17,773 - org.eclipse.emf.common.ui - 2.11.0.v20160526-0356
2017-10-01 16:06:17,869 - org.polarion.eclipse.team.svn.connector.svnkit18 - 6.0.4.I20161211-1700
2017-10-01 16:06:17,923 - org.eclipse.jdt - 3.12.3.v20170301-0400
2017-10-01 16:06:17,971 - org.eclipse.ant.ui - 3.6.201.v20161115-1135
2017-10-01 16:06:18,075 - org.eclipse.jdt.apt.core - 3.4.100.v20160525-0952
2017-10-01 16:06:18,109 - org.eclipse.jdt.apt.ui - 3.4.100.v20160418-1457
2017-10-01 16:06:18,133 - org.eclipse.jdt.apt.pluggable.core - 1.1.100.v20160418-1457
2017-10-01 16:06:18,135 - org.eclipse.jdt.compiler.apt - 1.2.100.v20160418-1457
2017-10-01 16:06:18,136 - org.eclipse.jdt.compiler.tool - 1.1.100.v20160418-1457
2017-10-01 16:06:18,137 - org.eclipse.jdt.core - 3.12.3.v20170228-1205
2017-10-01 16:06:18,173 - org.eclipse.jdt.annotation - 2.1.0.v20160418-1457
2017-10-01 16:06:18,173 - org.eclipse.jdt.annotation - 2.1.0.v20160418-1457
2017-10-01 16:06:18,174 - org.eclipse.jdt.core.manipulation - 1.7.0.v20160419-0705
2017-10-01 16:06:18,177 - org.eclipse.jdt.debug.ui - 3.7.201.v20160811-0450
2017-10-01 16:06:18,372 - org.eclipse.jdt.debug - 3.10.1.v20160811-0441
2017-10-01 16:06:18,374 - org.eclipse.jdt.junit - 3.9.0.v20160421-1701
2017-10-01 16:06:18,429 - org.eclipse.jdt.junit.core - 3.8.0.v20160421-1701
2017-10-01 16:06:18,431 - org.eclipse.jdt.junit.runtime - 3.4.600.v20160505-0715
2017-10-01 16:06:18,441 - org.eclipse.jdt.junit4.runtime - 1.1.600.v20160505-0715
2017-10-01 16:06:18,442 - org.eclipse.jdt.launching - 3.8.101.v20161111-2014
2017-10-01 16:06:18,448 - org.eclipse.jdt.ui - 3.12.2.v20160929-0804
2017-10-01 16:06:18,515 - org.junit - 4.12.0.v201504281640
2017-10-01 16:06:18,528 - org.hamcrest.core - 1.3.0.v201303031735
2017-10-01 16:06:18,620 - org.eclipse.jdt.doc.user - 3.12.1.v20160727-2009
2017-10-01 16:06:18,644 - org.eclipse.ant.launching - 1.1.201.v20161115-1135
2017-10-01 16:06:18,656 - org.eclipse.sequoyah.device.common.utilities - 2.1.0.N20120718-0509
2017-10-01 16:06:18,674 - org.eclipse.andmore.android.common - 0.5.0.201605181018
2017-10-01 16:06:18,699 - org.eclipse.andmore.android.codeutils - 0.5.0.201605181018
2017-10-01 16:06:18,708 - org.eclipse.andmore.android.translation - 0.5.0.201605181018
2017-10-01 16:06:18,750 - org.eclipse.andmore.android.codesnippets - 0.5.0.201605181018
2017-10-01 16:06:18,751 - org.eclipse.andmore.android.db.core - 0.5.0.201605181018
2017-10-01 16:06:18,752 - org.eclipse.andmore.android.logger - 0.5.0.201605181018
2017-10-01 16:06:18,759 - org.eclipse.andmore.android - 0.5.0.201605181018
2017-10-01 16:06:18,778 - org.eclipse.andmore.android.emulator - 0.5.0.201605181018
2017-10-01 16:06:18,814 - org.eclipse.andmore.android.launch - 0.5.0.201605181018
2017-10-01 16:06:18,816 - org.eclipse.andmore.android.packaging.ui - 0.5.0.201605181018
2017-10-01 16:06:18,830 - org.eclipse.andmore.android.handset - 0.5.0.201605181018
2017-10-01 16:06:18,831 - org.eclipse.andmore.android.remote - 0.5.0.201605181018
2017-10-01 16:06:18,832 - org.eclipse.andmore.android.linux.x86_64 - 0.5.0.201605181018
2017-10-01 16:06:18,833 - org.eclipse.andmore.android.mat - 0.5.0.201605181018
2017-10-01 16:06:18,834 - org.eclipse.andmore.android.devices.services - 0.5.0.201605181018
2017-10-01 16:06:18,845 - org.eclipse.andmore.android.db.devices - 0.5.0.201605181018
2017-10-01 16:06:18,847 - org.eclipse.andmore.android.installer - 0.5.0.201605181018
2017-10-01 16:06:18,860 - org.eclipse.andmore.android.logger.collector - 0.5.0.201605181018
2017-10-01 16:06:18,876 - org.eclipse.emf.mapping.ui - 2.7.0.v20160526-0356
2017-10-01 16:06:18,886 - org.eclipse.sequoyah.vnc.vncviewer.vncviews - 2.1.0.N20120718-0509
2017-10-01 16:06:18,973 - org.eclipse.egit.mylyn.ui - 4.4.0.201606070830-r
2017-10-01 16:06:19,031 - org.eclipse.datatools.sqltools.common.ui - 1.1.0.201603142002
2017-10-01 16:06:19,077 - org.eclipse.datatools.sqltools.debugger.core - 1.1.0.201603142002
2017-10-01 16:06:19,077 - org.eclipse.datatools.sqltools.editor.core - 1.1.0.201603142002
2017-10-01 16:06:19,077 - org.eclipse.datatools.sqltools.plan - 1.1.0.201603142002
2017-10-01 16:06:19,101 - org.eclipse.datatools.sqltools.routineeditor - 1.1.0.201603142002
2017-10-01 16:06:19,101 - org.eclipse.datatools.sqltools.sql - 1.1.0.201603142002
2017-10-01 16:06:19,101 - org.eclipse.datatools.sqltools.sqleditor - 1.1.0.201603142002
2017-10-01 16:06:19,102 - org.eclipse.datatools.sqltools.sqlscrapbook - 1.1.0.201603142002
2017-10-01 16:06:19,102 - org.eclipse.datatools.help - 1.6.0.201603142002
2017-10-01 16:06:19,114 - org.eclipse.datatools.sqltools.db.generic - 1.1.0.201603142002
2017-10-01 16:06:19,138 - org.eclipse.datatools.sqltools.debugger.core.ui - 1.1.0.201603142002
2017-10-01 16:06:19,139 - org.eclipse.datatools.sqltools.editor.core.ui - 1.1.0.201603142002
2017-10-01 16:06:19,139 - org.eclipse.datatools.sqltools.result.ui - 1.2.0.201603142002
2017-10-01 16:06:19,140 - org.eclipse.datatools.sqltools.routineeditor.ui - 1.1.0.201603142002
2017-10-01 16:06:19,140 - org.eclipse.datatools.sqltools.sql.ui - 1.1.0.201603142002
2017-10-01 16:06:19,153 - org.epic.regexp - 0.7.1
2017-10-01 16:06:19,154 - org.epic.perleditor - 0.7.3
2017-10-01 16:06:19,208 - org.epic.doc - 0.7.1
2017-10-01 16:06:19,209 - org.epic.debug - 0.7.1
2017-10-01 16:06:19,442 - org.epic.lib - 0.7.1
2017-10-01 16:06:19,493 - org.epic.source - 0.7.3
2017-10-01 16:06:19,599 - org.objectweb.asm - 5.0.1.v201404251740
2017-10-01 16:06:19,599 - org.eclipse.andmore - 0.5.0.201605181018
2017-10-01 16:06:19,600 - org.eclipse.andmore.base - 0.5.0.201605181018
2017-10-01 16:06:19,601 - org.eclipse.andmore.ddms - 0.5.0.201605181018
2017-10-01 16:06:19,649 - org.eclipse.andmore.overlay - 0.5.0.201605181018
2017-10-01 16:06:19,689 - org.apache.commons.codec - 1.6.0.v201305230611
2017-10-01 16:06:19,689 - org.apache.commons.compress - 1.6.0.v201310281400
2017-10-01 16:06:19,689 - org.apache.httpcomponents.httpclient - 4.3.6.v201511171540
2017-10-01 16:06:19,690 - org.apache.httpcomponents.httpcore - 4.3.3.v201411290715
2017-10-01 16:06:19,719 - org.eclipse.emf.mapping - 2.9.0.v20160526-0356
2017-10-01 16:06:19,808 - org.eclipse.datatools.modelbase.dbdefinition - 1.1.0.201603142002
2017-10-01 16:06:19,855 - org.eclipse.datatools.modelbase.sql.edit - 1.1.0.201603142002
2017-10-01 16:06:19,919 - org.eclipse.datatools.modelbase.sql.query - 1.2.0.201603142002
2017-10-01 16:06:19,966 - org.eclipse.datatools.modelbase.sql.query.edit - 1.1.0.201603142002
2017-10-01 16:06:20,065 - org.eclipse.datatools.modelbase.sql.xml.query - 1.1.0.201603142002
2017-10-01 16:06:20,065 - org.eclipse.datatools.modelbase.sql - 1.1.0.201603142002
2017-10-01 16:06:20,164 - org.eclipse.datatools.connectivity.oda.template.ui - 3.3.0.201603142002
2017-10-01 16:06:20,194 - org.eclipse.sequoyah.vnc.vncviewer - 2.1.0.N20120718-0509
2017-10-01 16:06:20,334 - org.polarion.eclipse.team.svn.connector - 6.0.4.I20161211-1700
2017-10-01 16:06:20,354 - org.eclipse.emf.codegen.ecore.ui - 2.12.0.v20160526-0356
2017-10-01 16:06:20,376 - org.eclipse.emf.ecore.editor - 2.12.0.v20160526-0356
2017-10-01 16:06:20,534 - org.eclipse.jgit - 4.8.0.201706111038-r
2017-10-01 16:06:20,574 - org.eclipse.jgit.archive - 4.4.1.201607150455-r
2017-10-01 16:06:20,576 - com.jcraft.jsch - 0.1.53.v201508180515
2017-10-01 16:06:20,576 - javaewah - 1.1.6.v20160919-1400
2017-10-01 16:06:20,576 - org.apache.commons.compress - 1.6.0.v201310281400
2017-10-01 16:06:20,576 - org.slf4j.api - 1.7.2.v20121108-1250
2017-10-01 16:06:20,577 - org.slf4j.impl.log4j12 - 1.7.2.v20131105-2200
2017-10-01 16:06:20,578 - org.apache.log4j - 1.2.15.v201012070815
2017-10-01 16:06:20,663 - org.gna.eclox.core - 0.11.1.v20170413-1523
2017-10-01 16:06:20,673 - org.gna.eclox.help - 0.11.1.v20170413-1523
2017-10-01 16:06:20,757 - org.gna.eclox.ui - 0.11.1.v20170413-1523
2017-10-01 16:06:20,757 - org.gna.eclox.branding - 0.11.1.v20170413-1523
2017-10-01 16:06:20,847 - org.eclipse.emf.mapping.ecore.editor - 2.6.0.v20160526-0356
2017-10-01 16:06:20,880 - org.eclipse.emf.mapping.ecore2ecore.editor - 2.7.0.v20160526-0356
2017-10-01 16:06:20,883 - org.eclipse.emf.mapping.ecore2xml.ui - 2.8.0.v20160526-0356
2017-10-01 16:06:20,903 - org.eclipse.emf.databinding - 1.3.0.v20160526-0356
2017-10-01 16:06:20,984 - org.eclipse.datatools.connectivity.sqm.core.ui - 1.3.0.201603142002
2017-10-01 16:06:20,984 - org.eclipse.datatools.connectivity.sqm.core - 1.3.0.201603142002
2017-10-01 16:06:21,131 - org.eclipse.datatools.connectivity.sqm.server.ui - 1.2.0.201603142002
2017-10-01 16:06:21,131 - org.eclipse.datatools.connectivity.ui.dse - 1.2.0.201603142002
2017-10-01 16:06:21,131 - org.eclipse.datatools.connectivity.ui - 1.3.0.201603142002
2017-10-01 16:06:21,131 - org.eclipse.datatools.connectivity - 1.13.0.201603142002
2017-10-01 16:06:21,131 - org.eclipse.datatools.help - 1.6.0.201603142002
2017-10-01 16:06:21,169 - org.eclipse.datatools.connectivity.console.profile - 1.1.0.201603142002
2017-10-01 16:06:21,226 - org.eclipse.emf.ecore.edit - 2.9.0.v20160526-0356
2017-10-01 16:06:21,258 - org.eclipse.emf.ecore.change.edit - 2.6.0.v20160526-0356
2017-10-01 16:06:21,295 - org.eclipse.sequoyah.vnc.protocol - 2.1.0.N20120718-0509
2017-10-01 16:06:21,382 - javax.el - 2.2.0.v201303151357
2017-10-01 16:06:21,406 - javax.servlet - 3.1.0.v201410161800
2017-10-01 16:06:21,441 - javax.servlet.jsp - 2.2.0.v201112011158
2017-10-01 16:06:21,483 - com.sun.el - 2.2.0.v201303151357
2017-10-01 16:06:21,484 - org.apache.commons.logging - 1.1.1.v201101211721
2017-10-01 16:06:21,507 - org.apache.jasper.glassfish - 2.2.2.v201501141630
2017-10-01 16:06:21,552 - org.apache.lucene.analysis - 3.5.0.v20120725-1805
2017-10-01 16:06:21,553 - org.apache.lucene.core - 3.5.0.v20120725-1805
2017-10-01 16:06:21,603 - org.eclipse.equinox.http.jetty - 3.3.0.v20160324-1850
2017-10-01 16:06:21,614 - org.eclipse.equinox.http.registry - 1.1.400.v20150715-1528
2017-10-01 16:06:21,648 - org.eclipse.equinox.http.servlet - 1.3.0.v20160517-1559
2017-10-01 16:06:21,704 - org.eclipse.equinox.jsp.jasper - 1.0.500.v20150119-1358
2017-10-01 16:06:21,712 - org.eclipse.equinox.jsp.jasper.registry - 1.0.300.v20130327-1442
2017-10-01 16:06:21,712 - org.eclipse.help.base - 4.1.0.v20160606-1100
2017-10-01 16:06:21,713 - org.eclipse.help.ui - 4.0.200.v20160510-0758
2017-10-01 16:06:21,758 - org.eclipse.help.webapp - 3.8.0.v20160504-0839
2017-10-01 16:06:21,769 - org.eclipse.jetty.continuation - 9.3.9.v20160517
2017-10-01 16:06:21,803 - org.eclipse.jetty.http - 9.3.9.v20160517
2017-10-01 16:06:21,830 - org.eclipse.jetty.io - 9.3.9.v20160517
2017-10-01 16:06:21,837 - org.eclipse.jetty.security - 9.3.9.v20160517
2017-10-01 16:06:21,851 - org.eclipse.jetty.server - 9.3.9.v20160517
2017-10-01 16:06:21,853 - org.eclipse.jetty.servlet - 9.3.9.v20160517
2017-10-01 16:06:21,866 - org.eclipse.jetty.util - 9.3.9.v20160517
2017-10-01 16:06:21,873 - org.eclipse.core.net - 1.3.0.v20160418-1534
2017-10-01 16:06:21,874 - org.eclipse.equinox.security - 1.2.200.v20150715-1528
2017-10-01 16:06:21,886 - org.eclipse.mylyn.bugzilla.core - 3.20.0.v20160425-1835
2017-10-01 16:06:21,887 - org.eclipse.mylyn.bugzilla.ui - 3.20.0.v20160425-1835
2017-10-01 16:06:21,914 - org.eclipse.mylyn.tasks.core - 3.20.0.v20160608-1838
2017-10-01 16:06:21,940 - org.eclipse.mylyn.tasks.index.core - 3.20.0.v20160425-1835
2017-10-01 16:06:21,956 - org.eclipse.mylyn.tasks.index.ui - 3.20.0.v20160425-1835
2017-10-01 16:06:21,958 - org.eclipse.mylyn.tasks.search - 3.20.0.v20160425-1835
2017-10-01 16:06:21,960 - org.eclipse.mylyn.tasks.ui - 3.20.0.v20160608-1838
2017-10-01 16:06:21,982 - org.eclipse.egit.core - 4.4.0.201606070830-r
2017-10-01 16:06:21,997 - org.eclipse.egit.ui - 4.4.0.201606070830-r
2017-10-01 16:06:21,997 - org.eclipse.egit - 4.4.0.201606070830-r
2017-10-01 16:06:22,019 - org.eclipse.egit.doc - 4.4.0.201606070830-r
2017-10-01 16:06:22,051 - org.eclipse.rse - 3.5.0.201403100950
2017-10-01 16:06:22,064 - org.eclipse.rse.services.local - 2.2.1.201507180454
2017-10-01 16:06:22,065 - org.eclipse.rse.subsystems.files.local - 2.1.300.201403251512
2017-10-01 16:06:22,085 - org.eclipse.rse.subsystems.processes.local - 2.1.400.201403100950
2017-10-01 16:06:22,086 - org.eclipse.rse.subsystems.shells.local - 2.1.400.201403100950
2017-10-01 16:06:22,087 - org.eclipse.rse.connectorservice.local - 2.1.400.201403100950
2017-10-01 16:06:22,135 - org.eclipse.mylyn.commons.identity.core - 1.12.0.v20160421-1819
2017-10-01 16:06:22,151 - org.eclipse.mylyn.tasks.bugs - 3.20.0.v20160425-1835
2017-10-01 16:06:22,152 - org.eclipse.mylyn.help.ui - 3.20.0.v20160425-1835
2017-10-01 16:06:22,229 - org.eclipse.cdt.build.crossgcc - 1.1.0.201606062011
2017-10-01 16:06:22,252 - org.eclipse.oomph.p2 - 1.4.0.v20160426-0423
2017-10-01 16:06:22,253 - org.eclipse.oomph.p2.core - 1.4.0.v20160606-0856
2017-10-01 16:06:22,254 - org.eclipse.oomph.p2.edit - 1.4.0.v20160426-0423
2017-10-01 16:06:22,256 - org.eclipse.oomph.p2.ui - 1.4.0.v20160426-0423
2017-10-01 16:06:22,291 - org.eclipse.oomph.p2.doc - 1.4.0.v20160426-0423
2017-10-01 16:06:22,308 - org.eclipse.mylyn.commons.core - 3.20.0.v20160421-1819
2017-10-01 16:06:22,323 - org.eclipse.mylyn.commons.screenshots - 3.20.0.v20160421-1819
2017-10-01 16:06:22,324 - org.eclipse.mylyn.commons.ui - 3.20.0.v20160421-1819
2017-10-01 16:06:22,325 - org.eclipse.mylyn.commons.workbench - 3.20.0.v20160421-1819
2017-10-01 16:06:22,385 - org.eclipse.mylyn.bugzilla.ide - 3.20.0.v20160421-1902
2017-10-01 16:06:22,386 - org.eclipse.mylyn.ide.ui - 3.20.0.v20160421-1902
2017-10-01 16:06:22,430 - org.eclipse.mylyn.commons.notifications.core - 1.12.0.v20160421-1819
2017-10-01 16:06:22,432 - org.eclipse.mylyn.commons.notifications.feed - 1.12.0.v20160421-1819
2017-10-01 16:06:22,434 - org.eclipse.mylyn.commons.notifications.ui - 1.12.0.v20160421-1819
2017-10-01 16:06:22,510 - org.eclipse.help - 3.7.0.v20160602-1307
2017-10-01 16:06:22,513 - org.eclipse.ui - 3.108.0.v20160518-1929
2017-10-01 16:06:22,514 - org.eclipse.ui.workbench - 3.108.0.v20160602-1232
2017-10-01 16:06:22,516 - org.eclipse.update.configurator - 3.3.400.v20160506-0750
2017-10-01 16:06:22,516 - org.eclipse.rcp - 4.6.0.v20160606-1100
2017-10-01 16:06:22,561 - org.eclipse.epp.package.cpp - 4.6.0.20160613-1800
2017-10-01 16:06:22,591 - org.eclipse.epp.mpc.core - 1.5.0.v20160608-1457
2017-10-01 16:06:22,591 - org.eclipse.epp.mpc.ui - 1.5.0.v20160608-1804
2017-10-01 16:06:22,624 - org.eclipse.epp.mpc.help.ui - 1.5.0.v20160524-1910
2017-10-01 16:06:22,624 - org.apache.httpcomponents.httpclient - 4.3.6.v201511171540
2017-10-01 16:06:22,624 - org.apache.httpcomponents.httpcore - 4.3.3.v201411290715
2017-10-01 16:06:22,720 - org.eclipse.dstore.core - 3.4.0.201501311530
2017-10-01 16:06:22,725 - org.eclipse.dstore.extra - 2.1.400.201403100950
2017-10-01 16:06:22,729 - org.eclipse.rse.connectorservice.dstore - 3.1.301.201403100950
2017-10-01 16:06:22,729 - org.eclipse.rse.services.dstore - 3.3.0.201406041609
2017-10-01 16:06:22,734 - org.eclipse.rse.subsystems.files.dstore - 2.1.300.201403100950
2017-10-01 16:06:22,747 - org.eclipse.rse.subsystems.processes.dstore - 2.1.400.201403100950
2017-10-01 16:06:22,762 - org.eclipse.rse.subsystems.shells.dstore - 2.1.400.201403100950
2017-10-01 16:06:22,778 - org.eclipse.rse.dstore.security - 3.0.400.201403100950
2017-10-01 16:06:22,811 - org.eclipse.cdt.gdb - 7.0.0.201606062011
2017-10-01 16:06:22,842 - org.eclipse.cdt.gdb.ui - 7.0.0.201606062011
2017-10-01 16:06:22,886 - org.eclipse.mylyn.team.ui - 3.20.0.v20160421-1902
2017-10-01 16:06:22,964 - org.eclipse.cdt.mylyn.ui - 3.20.0.v20160421-1902
2017-10-01 16:06:22,981 - org.eclipse.mylyn.commons.repositories.core - 1.12.0.v20160421-1819
2017-10-01 16:06:22,982 - org.eclipse.mylyn.commons.repositories.ui - 1.12.0.v20160421-1819
2017-10-01 16:06:23,090 - org.eclipse.emf.common - 2.12.0.v20160420-0247
2017-10-01 16:06:23,238 - org.apache.commons.net - 3.2.0.v201305141515
2017-10-01 16:06:23,239 - org.eclipse.rse.services.files.ftp - 3.0.500.201403100950
2017-10-01 16:06:23,275 - org.eclipse.rse.subsystems.files.ftp - 2.2.100.201601281414
2017-10-01 16:06:23,285 - org.apache.commons.net - 3.2.0.v201305141515
2017-10-01 16:06:23,299 - org.eclipse.rse.connectorservice.telnet - 1.2.300.201505220524
2017-10-01 16:06:23,299 - org.eclipse.rse.services.telnet - 2.0.400.201403100950
2017-10-01 16:06:23,307 - org.eclipse.rse.subsystems.shells.telnet - 1.2.300.201403100950
2017-10-01 16:06:23,322 - org.eclipse.mylyn.monitor.core - 3.20.0.v20160421-1819
2017-10-01 16:06:23,323 - org.eclipse.mylyn.monitor.ui - 3.20.0.v20160421-1819
2017-10-01 16:06:23,339 - org.eclipse.oomph.setup.editor - 1.4.0.v20160505-0456
2017-10-01 16:06:23,340 - org.eclipse.oomph.setup.ui - 1.4.0.v20160530-1200
2017-10-01 16:06:23,373 - org.eclipse.oomph.setup.doc - 1.4.0.v20160426-0423
2017-10-01 16:06:23,387 - org.eclipse.oomph.setup.ui.questionnaire - 1.4.0.v20160530-1435
2017-10-01 16:06:23,388 - org.eclipse.oomph.jreinfo.ui - 1.4.0.v20160426-0423
2017-10-01 16:06:23,405 - org.eclipse.emf.ecore - 2.12.0.v20160420-0247
2017-10-01 16:06:23,419 - org.eclipse.emf.ecore.change - 2.11.0.v20160420-0247
2017-10-01 16:06:23,420 - org.eclipse.emf.ecore.xmi - 2.12.0.v20160420-0247
2017-10-01 16:06:23,451 - org.eclipse.rse.services.ssh - 3.2.100.201403281521
2017-10-01 16:06:23,459 - org.eclipse.rse.connectorservice.ssh - 2.1.300.201505220524
2017-10-01 16:06:23,465 - org.eclipse.rse.subsystems.files.ssh - 2.1.300.201403100950
2017-10-01 16:06:23,474 - org.eclipse.rse.subsystems.shells.ssh - 2.1.400.201403100950
2017-10-01 16:06:23,495 - org.eclipse.cdt.launch.remote - 2.5.0.201606062011
2017-10-01 16:06:23,507 - org.eclipse.jgit - 4.8.0.201706111038-r
2017-10-01 16:06:23,507 - org.eclipse.jgit.archive - 4.4.1.201607150455-r
2017-10-01 16:06:23,508 - com.jcraft.jsch - 0.1.53.v201508180515
2017-10-01 16:06:23,508 - javaewah - 1.1.6.v20160919-1400
2017-10-01 16:06:23,508 - org.apache.commons.compress - 1.6.0.v201310281400
2017-10-01 16:06:23,508 - org.slf4j.api - 1.7.2.v20121108-1250
2017-10-01 16:06:23,508 - org.slf4j.impl.log4j12 - 1.7.2.v20131105-2200
2017-10-01 16:06:23,508 - org.apache.log4j - 1.2.15.v201012070815
2017-10-01 16:06:23,534 - org.eclipse.mylyn.wikitext.core - 2.9.0.v20160513-1433
2017-10-01 16:06:23,544 - org.eclipse.mylyn.wikitext.core.ant - 2.9.0.v20160513-1433
2017-10-01 16:06:23,551 - org.eclipse.mylyn.wikitext.core.osgi - 2.9.0.v20160513-1433
2017-10-01 16:06:23,562 - org.eclipse.mylyn.wikitext.textile.core - 2.9.0.v20160513-1433
2017-10-01 16:06:23,569 - org.eclipse.mylyn.wikitext.html.core - 2.9.0.v20160513-1433
2017-10-01 16:06:23,583 - org.eclipse.mylyn.wikitext.markdown.core - 2.9.0.v20160513-1433
2017-10-01 16:06:23,585 - org.eclipse.mylyn.wikitext.mediawiki.core - 2.9.0.v20160513-1433
2017-10-01 16:06:23,590 - org.eclipse.mylyn.wikitext.mediawiki.core.ant - 2.9.0.v20160513-1433
2017-10-01 16:06:23,604 - org.eclipse.mylyn.wikitext.confluence.core - 2.9.0.v20160513-1433
2017-10-01 16:06:23,610 - org.eclipse.mylyn.wikitext.tracwiki.core - 2.9.0.v20160513-1433
2017-10-01 16:06:23,624 - org.eclipse.mylyn.wikitext.twiki.core - 2.9.0.v20160519-0832
2017-10-01 16:06:23,626 - org.eclipse.mylyn.wikitext.ui - 2.9.0.v20160516-1547
2017-10-01 16:06:23,640 - org.eclipse.mylyn.wikitext.help.ui - 2.9.0.v20160524-0547
2017-10-01 16:06:23,648 - org.eclipse.mylyn.wikitext.textile.ui - 2.9.0.v20160513-1433
2017-10-01 16:06:23,657 - org.eclipse.mylyn.wikitext.markdown.ui - 2.9.0.v20160513-1433
2017-10-01 16:06:23,670 - org.eclipse.mylyn.wikitext.mediawiki.ui - 2.9.0.v20160513-1433
2017-10-01 16:06:23,680 - org.eclipse.mylyn.wikitext.confluence.ui - 2.9.0.v20160513-1433
2017-10-01 16:06:23,685 - org.eclipse.mylyn.wikitext.tracwiki.ui - 2.9.0.v20160513-1433
2017-10-01 16:06:23,686 - org.eclipse.mylyn.wikitext.twiki.ui - 2.9.0.v20160513-1433
2017-10-01 16:06:23,700 - org.eclipse.mylyn.wikitext.tasks.ui - 2.9.0.v20160513-1433
2017-10-01 16:06:23,709 - org.eclipse.mylyn.wikitext.context.ui - 2.9.0.v20160513-1433
2017-10-01 16:06:23,722 - org.eclipse.mylyn.wikitext.asciidoc.core - 2.9.0.v20160524-1633
2017-10-01 16:06:23,724 - org.eclipse.mylyn.wikitext.asciidoc.ui - 2.9.0.v20160516-1451
2017-10-01 16:06:23,745 - org.eclipse.rse.core - 3.3.100.201603151753
2017-10-01 16:06:23,763 - org.eclipse.rse.doc.user - 3.4.100.201403101646
2017-10-01 16:06:23,769 - org.eclipse.rse.efs - 2.1.401.201507172212
2017-10-01 16:06:23,776 - org.eclipse.rse.efs.ui - 2.1.400.201403100950
2017-10-01 16:06:23,793 - org.eclipse.rse.importexport - 1.2.300.201403100950
2017-10-01 16:06:23,794 - org.eclipse.rse.files.ui - 3.2.200.201507172213
2017-10-01 16:06:23,811 - org.eclipse.rse.processes.ui - 3.0.400.201403100950
2017-10-01 16:06:23,824 - org.eclipse.rse.services - 3.3.0.201506120731
2017-10-01 16:06:23,825 - org.eclipse.rse.shells.ui - 3.0.500.201403271554
2017-10-01 16:06:23,826 - org.eclipse.rse.subsystems.files.core - 3.3.1.201403100950
2017-10-01 16:06:23,840 - org.eclipse.rse.subsystems.processes.core - 3.1.300.201403100950
2017-10-01 16:06:23,841 - org.eclipse.rse.subsystems.processes.shell.linux - 1.1.400.201403100950
2017-10-01 16:06:23,842 - org.eclipse.rse.subsystems.shells.core - 3.1.300.201403271554
2017-10-01 16:06:23,844 - org.eclipse.rse.ui - 3.3.200.201601281257
2017-10-01 16:06:23,872 - org.eclipse.mylyn.context.core - 3.20.0.v20160421-1902
2017-10-01 16:06:23,874 - org.eclipse.mylyn.context.ui - 3.20.0.v20160421-1902
2017-10-01 16:06:23,899 - org.eclipse.mylyn.resources.ui - 3.20.0.v20160421-1902
2017-10-01 16:06:23,900 - org.eclipse.mylyn.context.tasks.ui - 3.20.0.v20160608-1905
2017-10-01 16:06:24,100 - org.apache.ant - 1.9.6.v201510161327
2017-10-01 16:06:24,116 - org.eclipse.ant.core - 3.4.100.v20160505-0642
2017-10-01 16:06:24,116 - com.jcraft.jsch - 0.1.53.v201508180515
2017-10-01 16:06:24,117 - org.eclipse.compare.core - 3.6.0.v20160418-1534
2017-10-01 16:06:24,119 - org.eclipse.compare - 3.6.0.v20160418-1534
2017-10-01 16:06:24,120 - org.eclipse.core.filebuffers - 3.6.0.v20160503-1849
2017-10-01 16:06:24,121 - org.eclipse.core.filesystem - 1.6.0.v20160503-1608
2017-10-01 16:06:24,121 - org.eclipse.core.net - 1.3.0.v20160418-1534
2017-10-01 16:06:24,122 - org.eclipse.core.net.linux.x86_64 - 1.2.0.v20160323-1650
2017-10-01 16:06:24,123 - org.eclipse.core.resources - 3.11.0.v20160503-1608
2017-10-01 16:06:24,149 - org.eclipse.osgi.util - 3.3.100.v20150423-1351
2017-10-01 16:06:24,150 - org.eclipse.debug.core - 3.10.100.v20160419-1720
2017-10-01 16:06:24,174 - org.eclipse.debug.ui - 3.11.200.v20160518-1858
2017-10-01 16:06:24,175 - org.eclipse.equinox.event - 1.3.200.v20160324-1850
2017-10-01 16:06:24,176 - org.eclipse.ltk.core.refactoring - 3.7.0.v20160419-0705
2017-10-01 16:06:24,177 - org.eclipse.ltk.ui.refactoring - 3.8.0.v20160518-1817
2017-10-01 16:06:24,178 - org.eclipse.platform - 4.6.0.v20160606-1100
2017-10-01 16:06:24,223 - org.eclipse.platform.doc.user - 4.6.0.v20160606-1250
2017-10-01 16:06:24,224 - org.eclipse.search - 3.11.0.v20160519-1501
2017-10-01 16:06:24,225 - org.eclipse.team.core - 3.8.0.v20160418-1534
2017-10-01 16:06:24,232 - org.eclipse.team.ui - 3.8.0.v20160518-1906
2017-10-01 16:06:24,233 - org.eclipse.text - 3.6.0.v20160503-1849
2017-10-01 16:06:24,235 - org.eclipse.jface.text - 3.11.0.v20160505-1301
2017-10-01 16:06:24,235 - org.eclipse.jsch.core - 1.3.0.v20160422-1917
2017-10-01 16:06:24,267 - org.eclipse.jsch.ui - 1.3.0.v20160323-1650
2017-10-01 16:06:24,268 - org.eclipse.ui.console - 3.6.200.v20160518-1858
2017-10-01 16:06:24,269 - org.eclipse.ui.intro - 3.5.0.v20160509-1548
2017-10-01 16:06:24,269 - org.eclipse.ui.intro.universal - 3.3.0.v20160519-1604
2017-10-01 16:06:24,270 - org.eclipse.ui.cheatsheets - 3.5.0.v20160504-0839
2017-10-01 16:06:24,271 - org.eclipse.ui.browser - 3.5.0.v20160518-1929
2017-10-01 16:06:24,272 - org.eclipse.ui.monitoring - 1.1.0.v20160131-1628
2017-10-01 16:06:24,273 - org.eclipse.ui.navigator - 3.6.100.v20160518-1929
2017-10-01 16:06:24,274 - org.eclipse.ui.navigator.resources - 3.5.100.v20160518-1929
2017-10-01 16:06:24,274 - org.eclipse.ui.net - 1.3.0.v20160426-1633
2017-10-01 16:06:24,276 - org.eclipse.ui.workbench.texteditor - 3.10.0.v20160530-2011
2017-10-01 16:06:24,277 - org.eclipse.ui.views - 3.8.100.v20160518-1929
2017-10-01 16:06:24,278 - org.eclipse.ui.editors - 3.10.0.v20160505-0931
2017-10-01 16:06:24,279 - org.eclipse.ui.externaltools - 3.3.100.v20160518-1858
2017-10-01 16:06:24,281 - org.eclipse.ui.ide - 3.12.0.v20160601-1609
2017-10-01 16:06:24,282 - org.eclipse.ui.ide.application - 1.1.100.v20160518-1929
2017-10-01 16:06:24,282 - org.eclipse.core.filesystem.linux.x86_64 - 1.2.200.v20140124-1940
2017-10-01 16:06:24,305 - org.eclipse.core.variables - 3.3.0.v20160419-1720
2017-10-01 16:06:24,306 - org.eclipse.ui.forms - 3.7.0.v20160518-1929
2017-10-01 16:06:24,327 - org.eclipse.ui.views.properties.tabbed - 3.7.0.v20160310-0903
2017-10-01 16:06:24,327 - org.eclipse.equinox.security - 1.2.200.v20150715-1528
2017-10-01 16:06:24,335 - org.eclipse.equinox.security.ui - 1.1.300.v20150803-1225
2017-10-01 16:06:24,341 - org.eclipse.core.externaltools - 1.0.400.v20160509-1057
2017-10-01 16:06:24,341 - org.eclipse.ui.themes - 1.1.100.v20160411-1921
2017-10-01 16:06:24,342 - org.eclipse.core.runtime - 3.12.0.v20160606-1342
2017-10-01 16:06:24,343 - org.eclipse.ui.intro.quicklinks - 1.0.0.v20160515-0255
2017-10-01 16:06:24,370 - org.eclipse.mylyn.discovery.core - 3.20.0.v20160421-1819
2017-10-01 16:06:24,378 - org.eclipse.mylyn.discovery.ui - 3.20.0.v20160421-1819
2017-10-01 16:06:24,395 - org.eclipse.oomph.setup - 1.4.0.v20160530-1355
2017-10-01 16:06:24,397 - org.eclipse.oomph.setup.edit - 1.4.0.v20160426-0423
2017-10-01 16:06:24,397 - org.eclipse.oomph.setup.core - 1.4.0.v20160530-1200
2017-10-01 16:06:24,398 - org.eclipse.oomph.setup.sync - 1.4.0.v20160426-0423
2017-10-01 16:06:24,399 - org.eclipse.oomph.setup.p2 - 1.4.0.v20160530-1200
2017-10-01 16:06:24,400 - org.eclipse.oomph.setup.p2.edit - 1.4.0.v20160426-0423
2017-10-01 16:06:24,400 - org.eclipse.oomph.preferences - 1.4.0.v20160426-0423
2017-10-01 16:06:24,409 - org.eclipse.oomph.jreinfo - 1.4.0.v20160519-0740
2017-10-01 16:06:24,413 - org.eclipse.oomph.extractor.lib - 1.2.0.v20160519-0740
2017-10-01 16:06:24,413 - org.apache.commons.logging - 1.1.1.v201101211721
2017-10-01 16:06:24,413 - org.apache.commons.codec - 1.6.0.v201305230611
2017-10-01 16:06:24,413 - org.apache.httpcomponents.httpclient - 4.3.6.v201511171540
2017-10-01 16:06:24,413 - org.apache.httpcomponents.httpcore - 4.3.3.v201411290715
2017-10-01 16:06:24,414 - org.eclipse.userstorage - 1.0.0.v20160524-0709
2017-10-01 16:06:24,415 - org.eclipse.userstorage.ui - 1.0.0.v20151216-0912
2017-10-12 15:58:27,383 - os.name - Linux
2017-10-12 15:58:27,397 - os.arch - amd64
2017-10-12 15:58:27,397 - os.version - 3.13.0-24-generic
2017-10-12 15:58:27,397 - java.version - 1.8.0_101
2017-10-12 15:58:27,397 - java.vendor - Oracle Corporation
2017-10-12 15:58:27,397 - java.vendor.url - http://java.oracle.com/
2017-10-12 15:58:27,397 - java.home - /usr/lib/jvm/jre1.8.0_101
2017-10-12 15:58:27,397 - java.vm.specification.name - Java Virtual Machine Specification
2017-10-12 15:58:27,397 - java.vm.specification.vendor - Oracle Corporation
2017-10-12 15:58:27,397 - java.vm.specification.version - 1.8
2017-10-12 15:58:27,398 - java.class.path - /usr/share/eclipse//plugins/org.eclipse.equinox.launcher_1.3.200.v20160318-1642.jar
2017-10-12 15:58:27,398 - java.library.path - /usr/java/packages/lib/amd64:/usr/lib64:/lib64:/lib:/usr/lib
2017-10-12 15:58:27,398 - --------------------------------------
2017-10-12 15:58:27,398 - ## Eclipse Plug-ins Log Information ##
2017-10-12 15:58:27,398 - --------------------------------------
2017-10-12 15:58:27,834 - org.gna.eclox.doxygen.core - 1.8.13.v20170413-1543
2017-10-12 15:58:27,963 - org.eclipse.emf.mapping.ecore - 2.6.0.v20160526-0356
2017-10-12 15:58:27,994 - org.eclipse.emf.mapping.ecore2ecore - 2.9.0.v20160526-0356
2017-10-12 15:58:28,010 - org.eclipse.emf.mapping.ecore2xml - 2.9.0.v20160526-0356
2017-10-12 15:58:28,161 - org.eclipse.egit.gitflow - 4.4.0.201606070830-r
2017-10-12 15:58:28,162 - org.eclipse.egit.gitflow.ui - 4.4.0.201606070830-r
2017-10-12 15:58:28,404 - org.eclipse.sequoyah.localization.android - 2.1.0.N20120718-0509
2017-10-12 15:58:28,449 - org.eclipse.sequoyah.localization.android.help - 2.1.1.N20120718-0509
2017-10-12 15:58:28,557 - org.eclipse.sequoyah.device.backward - 2.1.0.N20120718-0509
2017-10-12 15:58:28,605 - org.eclipse.sequoyah.device.framework - 2.1.0.N20120718-0509
2017-10-12 15:58:28,606 - org.eclipse.sequoyah.device.framework.ui - 2.1.0.N20120718-0509
2017-10-12 15:58:28,618 - org.eclipse.sequoyah.device.service.start - 2.1.0.N20120718-0509
2017-10-12 15:58:28,643 - org.eclipse.sequoyah.device.service.stop - 2.1.0.N20120718-0509
2017-10-12 15:58:28,657 - org.eclipse.sequoyah.device.framework.wizard - 2.1.0.N20120718-0509
2017-10-12 15:58:28,881 - org.eclipse.emf.codegen - 2.11.0.v20160526-0356
2017-10-12 15:58:29,032 - org.eclipse.emf - 2.6.0.v20160526-0356
2017-10-12 15:58:29,120 - org.eclipse.datatools.doc.user - 1.7.0.20090521092446
2017-10-12 15:58:29,140 - org.eclipse.datatools.oda.cshelp - 1.2.0.201603142002
2017-10-12 15:58:29,209 - org.eclipse.datatools.help - 1.6.0.201603142002
2017-10-12 15:58:29,246 - org.eclipse.gef - 3.11.0.201606061308
2017-10-12 15:58:29,417 - org.eclipse.jgit.pgm - 4.4.1.201607150455-r
2017-10-12 15:58:29,420 - org.eclipse.jgit.ui - 4.4.1.201607150455-r
2017-10-12 15:58:29,548 - org.apache.commons.compress - 1.6.0.v201310281400
2017-10-12 15:58:29,596 - org.kohsuke.args4j - 2.0.21.v201301150030
2017-10-12 15:58:29,616 - javaewah - 1.1.6.v20160919-1400
2017-10-12 15:58:29,744 - org.eclipse.draw2d - 3.10.100.201606061308
2017-10-12 15:58:29,870 - org.eclipse.emf.edit - 2.12.0.v20160526-0356
2017-10-12 15:58:30,037 - org.eclipse.datatools.enablement.sqlite - 1.1.0.201603142002
2017-10-12 15:58:30,052 - org.eclipse.datatools.enablement.sqlite.dbdefinition - 1.1.0.201603142002
2017-10-12 15:58:30,076 - org.eclipse.datatools.enablement.sqlite.ui - 1.1.0.201603142002
2017-10-12 15:58:30,110 - org.eclipse.datatools.enablement.finfo - 1.6.0.201603142002
2017-10-12 15:58:30,345 - org.eclipse.emf.codegen.ui - 2.6.0.v20160526-0356
2017-10-12 15:58:30,554 - org.eclipse.jgit.http.apache - 4.8.0.201706111038-r
2017-10-12 15:58:30,556 - org.apache.httpcomponents.httpcore - 4.3.3.v201411290715
2017-10-12 15:58:30,559 - org.apache.httpcomponents.httpclient - 4.3.6.v201511171540
2017-10-12 15:58:30,660 - org.eclipse.emf.databinding.edit - 1.3.0.v20160526-0356
2017-10-12 15:58:30,811 - org.eclipse.emf.converter - 2.7.0.v20160526-0356
2017-10-12 15:58:30,885 - org.eclipse.emf.importer - 2.9.0.v20160526-0356
2017-10-12 15:58:30,894 - org.eclipse.emf.exporter - 2.7.0.v20160526-0356
2017-10-12 15:58:30,925 - org.eclipse.emf.importer.ecore - 2.8.0.v20160526-0356
2017-10-12 15:58:30,970 - org.eclipse.emf.importer.java - 2.7.0.v20160526-0356
2017-10-12 15:58:31,033 - org.eclipse.emf.importer.rose - 2.8.0.v20160526-0356
2017-10-12 15:58:31,245 - org.eclipse.emf.codegen.ecore - 2.12.0.v20160526-0356
2017-10-12 15:58:31,299 - org.eclipse.emf.ant - 2.8.0.v20160526-0356
2017-10-12 15:58:31,438 - org.eclipse.emf.edit.ui - 2.12.0.v20160526-0356
2017-10-12 15:58:31,567 - org.eclipse.jgit.lfs - 4.4.1.201607150455-r
2017-10-12 15:58:31,618 - org.eclipse.jgit.lfs.server - 4.4.1.201607150455-r
2017-10-12 15:58:31,619 - com.google.gson - 2.2.4.v201311231704
2017-10-12 15:58:31,816 - org.eclipse.datatools.connectivity.oda.consumer - 3.3.0.201603142002
2017-10-12 15:58:31,874 - org.eclipse.datatools.connectivity.oda.design - 3.4.0.201603142002
2017-10-12 15:58:31,918 - org.eclipse.datatools.connectivity.oda.profile - 3.3.0.201603142002
2017-10-12 15:58:31,951 - org.eclipse.datatools.connectivity.oda - 3.5.0.201603142002
2017-10-12 15:58:31,976 - org.eclipse.datatools.connectivity - 1.13.0.201603142002
2017-10-12 15:58:32,148 - org.eclipse.andmore.android.certmanager - 0.5.0.201605181018
2017-10-12 15:58:32,202 - org.eclipse.pde - 3.12.0.v20160606-1100
2017-10-12 15:58:32,372 - org.eclipse.pde.build - 3.9.200.v20160204-0642
2017-10-12 15:58:32,373 - org.eclipse.pde.core - 3.11.0.v20160510-1223
2017-10-12 15:58:32,413 - org.eclipse.pde.junit.runtime - 3.5.0.v20151013-0625
2017-10-12 15:58:32,414 - org.eclipse.pde.runtime - 3.5.0.v20160418-1724
2017-10-12 15:58:32,454 - org.eclipse.pde.ui - 3.9.0.v20160525-1830
2017-10-12 15:58:32,532 - org.eclipse.pde.doc.user - 3.12.0.v20160601-2148
2017-10-12 15:58:32,595 - org.eclipse.pde.ui.templates - 3.6.0.v20160424-1948
2017-10-12 15:58:32,596 - org.eclipse.ui.views.log - 1.2.0.v20160418-1724
2017-10-12 15:58:32,658 - org.objectweb.asm - 5.0.1.v201404251740
2017-10-12 15:58:32,703 - org.objectweb.asm.tree - 5.0.1.v201404251740
2017-10-12 15:58:32,758 - org.eclipse.pde.api.tools - 1.1.0.v20160508-0834
2017-10-12 15:58:32,795 - org.eclipse.pde.api.tools.annotations - 1.0.100.v20160418-1724
2017-10-12 15:58:32,796 - org.eclipse.pde.api.tools.ui - 1.1.0.v20160519-0701
2017-10-12 15:58:32,837 - org.eclipse.pde.ds.core - 1.1.0.v20151201-1325
2017-10-12 15:58:32,879 - org.eclipse.pde.ds.ui - 1.1.0.v20160518-1843
2017-10-12 15:58:32,881 - org.eclipse.pde.launching - 3.6.400.v20160121-1248
2017-10-12 15:58:32,885 - org.eclipse.pde.ua.core - 1.0.500.v20160204-0642
2017-10-12 15:58:32,947 - org.eclipse.pde.ua.ui - 1.1.0.v20160518-1843
2017-10-12 15:58:32,948 - org.eclipse.ui.trace - 1.0.400.v20160509-1055
2017-10-12 15:58:32,956 - org.eclipse.pde.ds.annotations - 1.0.0.v20160525-1437
2017-10-12 15:58:33,006 - org.eclipse.sequoyah.localization.tools - 2.1.0.N20120718-0509
2017-10-12 15:58:33,009 - org.eclipse.sequoyah.localization.editor - 2.1.0.N20120718-0509
2017-10-12 15:58:33,063 - org.eclipse.datatools.connectivity.oda.design.ui - 3.3.0.201603142002
2017-10-12 15:58:33,065 - org.eclipse.datatools.connectivity.ui.dse - 1.2.0.201603142002
2017-10-12 15:58:33,099 - org.eclipse.datatools.connectivity.ui - 1.3.0.201603142002
2017-10-12 15:58:33,116 - org.eclipse.datatools.connectivity.sqm.core - 1.3.0.201603142002
2017-10-12 15:58:33,116 - org.eclipse.datatools.help - 1.6.0.201603142002
2017-10-12 15:58:33,165 - net.sourceforge.lpg.lpgjavaruntime - 1.1.0.v201004271650
2017-10-12 15:58:33,192 - org.eclipse.datatools.sqltools.parsers.sql.lexer - 1.1.0.201603142002
2017-10-12 15:58:33,205 - org.eclipse.datatools.sqltools.parsers.sql.query - 1.3.0.201603142002
2017-10-12 15:58:33,229 - org.eclipse.datatools.sqltools.parsers.sql.xml.query - 1.1.0.201603142002
2017-10-12 15:58:33,232 - org.eclipse.datatools.sqltools.parsers.sql - 1.1.0.201603142002
2017-10-12 15:58:33,272 - org.eclipse.team.svn - 4.0.4.I20170216-1700
2017-10-12 15:58:33,294 - org.eclipse.team.svn.core - 4.0.3.I20161129-1700
2017-10-12 15:58:33,340 - org.eclipse.team.svn.ui - 4.0.4.I20170216-1700
2017-10-12 15:58:33,343 - org.eclipse.team.svn.ui.startup - 4.0.0.I20160226-1700
2017-10-12 15:58:33,378 - org.eclipse.team.svn.help - 4.0.3.I20161129-1700
2017-10-12 15:58:33,487 - org.eclipse.datatools.sqltools.sql - 1.1.0.201603142002
2017-10-12 15:58:33,516 - org.eclipse.datatools.sqltools.common.ui - 1.1.0.201603142002
2017-10-12 15:58:33,517 - org.eclipse.datatools.sqltools.plan - 1.1.0.201603142002
2017-10-12 15:58:33,552 - org.eclipse.datatools.sqltools.editor.core - 1.1.0.201603142002
2017-10-12 15:58:33,638 - org.eclipse.datatools.sqltools.sqleditor - 1.1.0.201603142002
2017-10-12 15:58:33,653 - org.eclipse.datatools.sqltools.ddlgen.ui - 1.1.0.201603142002
2017-10-12 15:58:33,660 - org.eclipse.datatools.connectivity.db.generic - 1.1.0.201603142002
2017-10-12 15:58:33,677 - org.eclipse.datatools.sqltools.editor.core.ui - 1.1.0.201603142002
2017-10-12 15:58:33,716 - org.eclipse.datatools.sqltools.sql.ui - 1.1.0.201603142002
2017-10-12 15:58:33,748 - org.eclipse.emf.common.ui - 2.11.0.v20160526-0356
2017-10-12 15:58:34,173 - org.polarion.eclipse.team.svn.connector.svnkit18 - 6.0.4.I20161211-1700
2017-10-12 15:58:34,278 - org.eclipse.jdt - 3.12.3.v20170301-0400
2017-10-12 15:58:34,299 - org.eclipse.ant.ui - 3.6.201.v20161115-1135
2017-10-12 15:58:34,316 - org.eclipse.jdt.apt.core - 3.4.100.v20160525-0952
2017-10-12 15:58:34,344 - org.eclipse.jdt.apt.ui - 3.4.100.v20160418-1457
2017-10-12 15:58:34,361 - org.eclipse.jdt.apt.pluggable.core - 1.1.100.v20160418-1457
2017-10-12 15:58:34,364 - org.eclipse.jdt.compiler.apt - 1.2.100.v20160418-1457
2017-10-12 15:58:34,365 - org.eclipse.jdt.compiler.tool - 1.1.100.v20160418-1457
2017-10-12 15:58:34,366 - org.eclipse.jdt.core - 3.12.3.v20170228-1205
2017-10-12 15:58:34,391 - org.eclipse.jdt.annotation - 2.1.0.v20160418-1457
2017-10-12 15:58:34,392 - org.eclipse.jdt.annotation - 2.1.0.v20160418-1457
2017-10-12 15:58:34,394 - org.eclipse.jdt.core.manipulation - 1.7.0.v20160419-0705
2017-10-12 15:58:34,397 - org.eclipse.jdt.debug.ui - 3.7.201.v20160811-0450
2017-10-12 15:58:34,526 - org.eclipse.jdt.debug - 3.10.1.v20160811-0441
2017-10-12 15:58:34,529 - org.eclipse.jdt.junit - 3.9.0.v20160421-1701
2017-10-12 15:58:34,549 - org.eclipse.jdt.junit.core - 3.8.0.v20160421-1701
2017-10-12 15:58:34,551 - org.eclipse.jdt.junit.runtime - 3.4.600.v20160505-0715
2017-10-12 15:58:34,569 - org.eclipse.jdt.junit4.runtime - 1.1.600.v20160505-0715
2017-10-12 15:58:34,571 - org.eclipse.jdt.launching - 3.8.101.v20161111-2014
2017-10-12 15:58:34,620 - org.eclipse.jdt.ui - 3.12.2.v20160929-0804
2017-10-12 15:58:34,679 - org.junit - 4.12.0.v201504281640
2017-10-12 15:58:34,692 - org.hamcrest.core - 1.3.0.v201303031735
2017-10-12 15:58:34,739 - org.eclipse.jdt.doc.user - 3.12.1.v20160727-2009
2017-10-12 15:58:34,764 - org.eclipse.ant.launching - 1.1.201.v20161115-1135
2017-10-12 15:58:34,804 - org.eclipse.sequoyah.device.common.utilities - 2.1.0.N20120718-0509
2017-10-12 15:58:34,857 - org.eclipse.andmore.android.common - 0.5.0.201605181018
2017-10-12 15:58:34,874 - org.eclipse.andmore.android.codeutils - 0.5.0.201605181018
2017-10-12 15:58:34,882 - org.eclipse.andmore.android.translation - 0.5.0.201605181018
2017-10-12 15:58:34,896 - org.eclipse.andmore.android.codesnippets - 0.5.0.201605181018
2017-10-12 15:58:34,898 - org.eclipse.andmore.android.db.core - 0.5.0.201605181018
2017-10-12 15:58:34,899 - org.eclipse.andmore.android.logger - 0.5.0.201605181018
2017-10-12 15:58:34,914 - org.eclipse.andmore.android - 0.5.0.201605181018
2017-10-12 15:58:34,929 - org.eclipse.andmore.android.emulator - 0.5.0.201605181018
2017-10-12 15:58:34,930 - org.eclipse.andmore.android.launch - 0.5.0.201605181018
2017-10-12 15:58:34,932 - org.eclipse.andmore.android.packaging.ui - 0.5.0.201605181018
2017-10-12 15:58:34,939 - org.eclipse.andmore.android.handset - 0.5.0.201605181018
2017-10-12 15:58:34,940 - org.eclipse.andmore.android.remote - 0.5.0.201605181018
2017-10-12 15:58:34,941 - org.eclipse.andmore.android.linux.x86_64 - 0.5.0.201605181018
2017-10-12 15:58:34,943 - org.eclipse.andmore.android.mat - 0.5.0.201605181018
2017-10-12 15:58:34,945 - org.eclipse.andmore.android.devices.services - 0.5.0.201605181018
2017-10-12 15:58:34,957 - org.eclipse.andmore.android.db.devices - 0.5.0.201605181018
2017-10-12 15:58:34,961 - org.eclipse.andmore.android.installer - 0.5.0.201605181018
2017-10-12 15:58:34,963 - org.eclipse.andmore.android.logger.collector - 0.5.0.201605181018
2017-10-12 15:58:35,004 - org.eclipse.emf.mapping.ui - 2.7.0.v20160526-0356
2017-10-12 15:58:35,029 - org.eclipse.sequoyah.vnc.vncviewer.vncviews - 2.1.0.N20120718-0509
2017-10-12 15:58:35,078 - org.eclipse.egit.mylyn.ui - 4.4.0.201606070830-r
2017-10-12 15:58:35,107 - org.eclipse.datatools.sqltools.common.ui - 1.1.0.201603142002
2017-10-12 15:58:35,120 - org.eclipse.datatools.sqltools.debugger.core - 1.1.0.201603142002
2017-10-12 15:58:35,120 - org.eclipse.datatools.sqltools.editor.core - 1.1.0.201603142002
2017-10-12 15:58:35,120 - org.eclipse.datatools.sqltools.plan - 1.1.0.201603142002
2017-10-12 15:58:35,130 - org.eclipse.datatools.sqltools.routineeditor - 1.1.0.201603142002
2017-10-12 15:58:35,130 - org.eclipse.datatools.sqltools.sql - 1.1.0.201603142002
2017-10-12 15:58:35,131 - org.eclipse.datatools.sqltools.sqleditor - 1.1.0.201603142002
2017-10-12 15:58:35,132 - org.eclipse.datatools.sqltools.sqlscrapbook - 1.1.0.201603142002
2017-10-12 15:58:35,132 - org.eclipse.datatools.help - 1.6.0.201603142002
2017-10-12 15:58:35,141 - org.eclipse.datatools.sqltools.db.generic - 1.1.0.201603142002
2017-10-12 15:58:35,143 - org.eclipse.datatools.sqltools.debugger.core.ui - 1.1.0.201603142002
2017-10-12 15:58:35,143 - org.eclipse.datatools.sqltools.editor.core.ui - 1.1.0.201603142002
2017-10-12 15:58:35,144 - org.eclipse.datatools.sqltools.result.ui - 1.2.0.201603142002
2017-10-12 15:58:35,146 - org.eclipse.datatools.sqltools.routineeditor.ui - 1.1.0.201603142002
2017-10-12 15:58:35,146 - org.eclipse.datatools.sqltools.sql.ui - 1.1.0.201603142002
2017-10-12 15:58:35,163 - org.epic.regexp - 0.7.1
2017-10-12 15:58:35,164 - org.epic.perleditor - 0.7.3
2017-10-12 15:58:35,195 - org.epic.doc - 0.7.1
2017-10-12 15:58:35,196 - org.epic.debug - 0.7.1
2017-10-12 15:58:35,288 - org.epic.lib - 0.7.1
2017-10-12 15:58:35,296 - org.epic.source - 0.7.3
2017-10-12 15:58:35,318 - org.objectweb.asm - 5.0.1.v201404251740
2017-10-12 15:58:35,321 - org.eclipse.andmore - 0.5.0.201605181018
2017-10-12 15:58:35,321 - org.eclipse.andmore.base - 0.5.0.201605181018
2017-10-12 15:58:35,323 - org.eclipse.andmore.ddms - 0.5.0.201605181018
2017-10-12 15:58:35,346 - org.eclipse.andmore.overlay - 0.5.0.201605181018
2017-10-12 15:58:35,379 - org.apache.commons.codec - 1.6.0.v201305230611
2017-10-12 15:58:35,379 - org.apache.commons.compress - 1.6.0.v201310281400
2017-10-12 15:58:35,379 - org.apache.httpcomponents.httpclient - 4.3.6.v201511171540
2017-10-12 15:58:35,379 - org.apache.httpcomponents.httpcore - 4.3.3.v201411290715
2017-10-12 15:58:35,446 - org.eclipse.emf.mapping - 2.9.0.v20160526-0356
2017-10-12 15:58:35,479 - org.eclipse.datatools.modelbase.dbdefinition - 1.1.0.201603142002
2017-10-12 15:58:35,484 - org.eclipse.datatools.modelbase.sql.edit - 1.1.0.201603142002
2017-10-12 15:58:35,503 - org.eclipse.datatools.modelbase.sql.query - 1.2.0.201603142002
2017-10-12 15:58:35,507 - org.eclipse.datatools.modelbase.sql.query.edit - 1.1.0.201603142002
2017-10-12 15:58:35,526 - org.eclipse.datatools.modelbase.sql.xml.query - 1.1.0.201603142002
2017-10-12 15:58:35,541 - org.eclipse.datatools.modelbase.sql - 1.1.0.201603142002
2017-10-12 15:58:35,586 - org.eclipse.datatools.connectivity.oda.template.ui - 3.3.0.201603142002
2017-10-12 15:58:35,644 - org.eclipse.sequoyah.vnc.vncviewer - 2.1.0.N20120718-0509
2017-10-12 15:58:35,689 - org.polarion.eclipse.team.svn.connector - 6.0.4.I20161211-1700
2017-10-12 15:58:35,714 - org.eclipse.emf.codegen.ecore.ui - 2.12.0.v20160526-0356
2017-10-12 15:58:35,748 - org.eclipse.emf.ecore.editor - 2.12.0.v20160526-0356
2017-10-12 15:58:35,809 - org.eclipse.jgit - 4.8.0.201706111038-r
2017-10-12 15:58:35,824 - org.eclipse.jgit.archive - 4.4.1.201607150455-r
2017-10-12 15:58:35,825 - com.jcraft.jsch - 0.1.53.v201508180515
2017-10-12 15:58:35,826 - javaewah - 1.1.6.v20160919-1400
2017-10-12 15:58:35,826 - org.apache.commons.compress - 1.6.0.v201310281400
2017-10-12 15:58:35,827 - org.slf4j.api - 1.7.2.v20121108-1250
2017-10-12 15:58:35,827 - org.slf4j.impl.log4j12 - 1.7.2.v20131105-2200
2017-10-12 15:58:35,829 - org.apache.log4j - 1.2.15.v201012070815
2017-10-12 15:58:35,872 - org.gna.eclox.core - 0.11.1.v20170413-1523
2017-10-12 15:58:35,873 - org.gna.eclox.help - 0.11.1.v20170413-1523
2017-10-12 15:58:35,901 - org.gna.eclox.ui - 0.11.1.v20170413-1523
2017-10-12 15:58:35,952 - org.gna.eclox.branding - 0.11.1.v20170413-1523
2017-10-12 15:58:36,009 - org.eclipse.emf.mapping.ecore.editor - 2.6.0.v20160526-0356
2017-10-12 15:58:36,020 - org.eclipse.emf.mapping.ecore2ecore.editor - 2.7.0.v20160526-0356
2017-10-12 15:58:36,023 - org.eclipse.emf.mapping.ecore2xml.ui - 2.8.0.v20160526-0356
2017-10-12 15:58:36,058 - org.eclipse.emf.databinding - 1.3.0.v20160526-0356
2017-10-12 15:58:36,084 - org.eclipse.datatools.connectivity.sqm.core.ui - 1.3.0.201603142002
2017-10-12 15:58:36,084 - org.eclipse.datatools.connectivity.sqm.core - 1.3.0.201603142002
2017-10-12 15:58:36,113 - org.eclipse.datatools.connectivity.sqm.server.ui - 1.2.0.201603142002
2017-10-12 15:58:36,114 - org.eclipse.datatools.connectivity.ui.dse - 1.2.0.201603142002
2017-10-12 15:58:36,114 - org.eclipse.datatools.connectivity.ui - 1.3.0.201603142002
2017-10-12 15:58:36,114 - org.eclipse.datatools.connectivity - 1.13.0.201603142002
2017-10-12 15:58:36,114 - org.eclipse.datatools.help - 1.6.0.201603142002
2017-10-12 15:58:36,129 - org.eclipse.datatools.connectivity.console.profile - 1.1.0.201603142002
2017-10-12 15:58:36,171 - org.eclipse.emf.ecore.edit - 2.9.0.v20160526-0356
2017-10-12 15:58:36,178 - org.eclipse.emf.ecore.change.edit - 2.6.0.v20160526-0356
2017-10-12 15:58:36,220 - org.eclipse.sequoyah.vnc.protocol - 2.1.0.N20120718-0509
2017-10-12 15:58:36,301 - javax.el - 2.2.0.v201303151357
2017-10-12 15:58:36,309 - javax.servlet - 3.1.0.v201410161800
2017-10-12 15:58:36,316 - javax.servlet.jsp - 2.2.0.v201112011158
2017-10-12 15:58:36,325 - com.sun.el - 2.2.0.v201303151357
2017-10-12 15:58:36,326 - org.apache.commons.logging - 1.1.1.v201101211721
2017-10-12 15:58:36,337 - org.apache.jasper.glassfish - 2.2.2.v201501141630
2017-10-12 15:58:36,358 - org.apache.lucene.analysis - 3.5.0.v20120725-1805
2017-10-12 15:58:36,359 - org.apache.lucene.core - 3.5.0.v20120725-1805
2017-10-12 15:58:36,367 - org.eclipse.equinox.http.jetty - 3.3.0.v20160324-1850
2017-10-12 15:58:36,380 - org.eclipse.equinox.http.registry - 1.1.400.v20150715-1528
2017-10-12 15:58:36,390 - org.eclipse.equinox.http.servlet - 1.3.0.v20160517-1559
2017-10-12 15:58:36,401 - org.eclipse.equinox.jsp.jasper - 1.0.500.v20150119-1358
2017-10-12 15:58:36,410 - org.eclipse.equinox.jsp.jasper.registry - 1.0.300.v20130327-1442
2017-10-12 15:58:36,420 - org.eclipse.help.base - 4.1.0.v20160606-1100
2017-10-12 15:58:36,422 - org.eclipse.help.ui - 4.0.200.v20160510-0758
2017-10-12 15:58:36,444 - org.eclipse.help.webapp - 3.8.0.v20160504-0839
2017-10-12 15:58:36,454 - org.eclipse.jetty.continuation - 9.3.9.v20160517
2017-10-12 15:58:36,467 - org.eclipse.jetty.http - 9.3.9.v20160517
2017-10-12 15:58:36,483 - org.eclipse.jetty.io - 9.3.9.v20160517
2017-10-12 15:58:36,490 - org.eclipse.jetty.security - 9.3.9.v20160517
2017-10-12 15:58:36,506 - org.eclipse.jetty.server - 9.3.9.v20160517
2017-10-12 15:58:36,508 - org.eclipse.jetty.servlet - 9.3.9.v20160517
2017-10-12 15:58:36,521 - org.eclipse.jetty.util - 9.3.9.v20160517
2017-10-12 15:58:36,523 - org.eclipse.core.net - 1.3.0.v20160418-1534
2017-10-12 15:58:36,524 - org.eclipse.equinox.security - 1.2.200.v20150715-1528
2017-10-12 15:58:36,551 - org.eclipse.mylyn.bugzilla.core - 3.20.0.v20160425-1835
2017-10-12 15:58:36,553 - org.eclipse.mylyn.bugzilla.ui - 3.20.0.v20160425-1835
2017-10-12 15:58:36,590 - org.eclipse.mylyn.tasks.core - 3.20.0.v20160608-1838
2017-10-12 15:58:36,616 - org.eclipse.mylyn.tasks.index.core - 3.20.0.v20160425-1835
2017-10-12 15:58:36,621 - org.eclipse.mylyn.tasks.index.ui - 3.20.0.v20160425-1835
2017-10-12 15:58:36,622 - org.eclipse.mylyn.tasks.search - 3.20.0.v20160425-1835
2017-10-12 15:58:36,624 - org.eclipse.mylyn.tasks.ui - 3.20.0.v20160608-1838
2017-10-12 15:58:36,650 - org.eclipse.egit.core - 4.4.0.201606070830-r
2017-10-12 15:58:36,661 - org.eclipse.egit.ui - 4.4.0.201606070830-r
2017-10-12 15:58:36,669 - org.eclipse.egit - 4.4.0.201606070830-r
2017-10-12 15:58:36,683 - org.eclipse.egit.doc - 4.4.0.201606070830-r
2017-10-12 15:58:36,722 - org.eclipse.rse - 3.5.0.201403100950
2017-10-12 15:58:36,740 - org.eclipse.rse.services.local - 2.2.1.201507180454
2017-10-12 15:58:36,741 - org.eclipse.rse.subsystems.files.local - 2.1.300.201403251512
2017-10-12 15:58:36,749 - org.eclipse.rse.subsystems.processes.local - 2.1.400.201403100950
2017-10-12 15:58:36,749 - org.eclipse.rse.subsystems.shells.local - 2.1.400.201403100950
2017-10-12 15:58:36,750 - org.eclipse.rse.connectorservice.local - 2.1.400.201403100950
2017-10-12 15:58:36,790 - org.eclipse.mylyn.commons.identity.core - 1.12.0.v20160421-1819
2017-10-12 15:58:36,794 - org.eclipse.mylyn.tasks.bugs - 3.20.0.v20160425-1835
2017-10-12 15:58:36,795 - org.eclipse.mylyn.help.ui - 3.20.0.v20160425-1835
2017-10-12 15:58:36,801 - org.eclipse.cdt.build.crossgcc - 1.1.0.201606062011
2017-10-12 15:58:36,823 - org.eclipse.oomph.p2 - 1.4.0.v20160426-0423
2017-10-12 15:58:36,824 - org.eclipse.oomph.p2.core - 1.4.0.v20160606-0856
2017-10-12 15:58:36,825 - org.eclipse.oomph.p2.edit - 1.4.0.v20160426-0423
2017-10-12 15:58:36,827 - org.eclipse.oomph.p2.ui - 1.4.0.v20160426-0423
2017-10-12 15:58:36,855 - org.eclipse.oomph.p2.doc - 1.4.0.v20160426-0423
2017-10-12 15:58:36,873 - org.eclipse.mylyn.commons.core - 3.20.0.v20160421-1819
2017-10-12 15:58:36,882 - org.eclipse.mylyn.commons.screenshots - 3.20.0.v20160421-1819
2017-10-12 15:58:36,883 - org.eclipse.mylyn.commons.ui - 3.20.0.v20160421-1819
2017-10-12 15:58:36,884 - org.eclipse.mylyn.commons.workbench - 3.20.0.v20160421-1819
2017-10-12 15:58:36,936 - org.eclipse.mylyn.bugzilla.ide - 3.20.0.v20160421-1902
2017-10-12 15:58:36,938 - org.eclipse.mylyn.ide.ui - 3.20.0.v20160421-1902
2017-10-12 15:58:36,960 - org.eclipse.mylyn.commons.notifications.core - 1.12.0.v20160421-1819
2017-10-12 15:58:36,961 - org.eclipse.mylyn.commons.notifications.feed - 1.12.0.v20160421-1819
2017-10-12 15:58:36,962 - org.eclipse.mylyn.commons.notifications.ui - 1.12.0.v20160421-1819
2017-10-12 15:58:36,981 - org.eclipse.help - 3.7.0.v20160602-1307
2017-10-12 15:58:36,983 - org.eclipse.ui - 3.108.0.v20160518-1929
2017-10-12 15:58:36,985 - org.eclipse.ui.workbench - 3.108.0.v20160602-1232
2017-10-12 15:58:36,986 - org.eclipse.update.configurator - 3.3.400.v20160506-0750
2017-10-12 15:58:37,009 - org.eclipse.rcp - 4.6.0.v20160606-1100
2017-10-12 15:58:37,062 - org.eclipse.epp.package.cpp - 4.6.0.20160613-1800
2017-10-12 15:58:37,080 - org.eclipse.epp.mpc.core - 1.5.0.v20160608-1457
2017-10-12 15:58:37,081 - org.eclipse.epp.mpc.ui - 1.5.0.v20160608-1804
2017-10-12 15:58:37,106 - org.eclipse.epp.mpc.help.ui - 1.5.0.v20160524-1910
2017-10-12 15:58:37,106 - org.apache.httpcomponents.httpclient - 4.3.6.v201511171540
2017-10-12 15:58:37,106 - org.apache.httpcomponents.httpcore - 4.3.3.v201411290715
2017-10-12 15:58:37,150 - org.eclipse.dstore.core - 3.4.0.201501311530
2017-10-12 15:58:37,155 - org.eclipse.dstore.extra - 2.1.400.201403100950
2017-10-12 15:58:37,159 - org.eclipse.rse.connectorservice.dstore - 3.1.301.201403100950
2017-10-12 15:58:37,176 - org.eclipse.rse.services.dstore - 3.3.0.201406041609
2017-10-12 15:58:37,187 - org.eclipse.rse.subsystems.files.dstore - 2.1.300.201403100950
2017-10-12 15:58:37,200 - org.eclipse.rse.subsystems.processes.dstore - 2.1.400.201403100950
2017-10-12 15:58:37,211 - org.eclipse.rse.subsystems.shells.dstore - 2.1.400.201403100950
2017-10-12 15:58:37,218 - org.eclipse.rse.dstore.security - 3.0.400.201403100950
2017-10-12 15:58:37,237 - org.eclipse.cdt.gdb - 7.0.0.201606062011
2017-10-12 15:58:37,251 - org.eclipse.cdt.gdb.ui - 7.0.0.201606062011
2017-10-12 15:58:37,271 - org.eclipse.mylyn.team.ui - 3.20.0.v20160421-1902
2017-10-12 15:58:37,315 - org.eclipse.cdt.mylyn.ui - 3.20.0.v20160421-1902
2017-10-12 15:58:37,344 - org.eclipse.mylyn.commons.repositories.core - 1.12.0.v20160421-1819
2017-10-12 15:58:37,345 - org.eclipse.mylyn.commons.repositories.ui - 1.12.0.v20160421-1819
2017-10-12 15:58:37,369 - org.eclipse.emf.common - 2.12.0.v20160420-0247
2017-10-12 15:58:37,437 - org.apache.commons.net - 3.2.0.v201305141515
2017-10-12 15:58:37,444 - org.eclipse.rse.services.files.ftp - 3.0.500.201403100950
2017-10-12 15:58:37,451 - org.eclipse.rse.subsystems.files.ftp - 2.2.100.201601281414
2017-10-12 15:58:37,472 - org.apache.commons.net - 3.2.0.v201305141515
2017-10-12 15:58:37,486 - org.eclipse.rse.connectorservice.telnet - 1.2.300.201505220524
2017-10-12 15:58:37,495 - org.eclipse.rse.services.telnet - 2.0.400.201403100950
2017-10-12 15:58:37,505 - org.eclipse.rse.subsystems.shells.telnet - 1.2.300.201403100950
2017-10-12 15:58:37,531 - org.eclipse.mylyn.monitor.core - 3.20.0.v20160421-1819
2017-10-12 15:58:37,532 - org.eclipse.mylyn.monitor.ui - 3.20.0.v20160421-1819
2017-10-12 15:58:37,559 - org.eclipse.oomph.setup.editor - 1.4.0.v20160505-0456
2017-10-12 15:58:37,560 - org.eclipse.oomph.setup.ui - 1.4.0.v20160530-1200
2017-10-12 15:58:37,593 - org.eclipse.oomph.setup.doc - 1.4.0.v20160426-0423
2017-10-12 15:58:37,606 - org.eclipse.oomph.setup.ui.questionnaire - 1.4.0.v20160530-1435
2017-10-12 15:58:37,607 - org.eclipse.oomph.jreinfo.ui - 1.4.0.v20160426-0423
2017-10-12 15:58:37,624 - org.eclipse.emf.ecore - 2.12.0.v20160420-0247
2017-10-12 15:58:37,638 - org.eclipse.emf.ecore.change - 2.11.0.v20160420-0247
2017-10-12 15:58:37,639 - org.eclipse.emf.ecore.xmi - 2.12.0.v20160420-0247
2017-10-12 15:58:37,680 - org.eclipse.rse.services.ssh - 3.2.100.201403281521
2017-10-12 15:58:37,690 - org.eclipse.rse.connectorservice.ssh - 2.1.300.201505220524
2017-10-12 15:58:37,695 - org.eclipse.rse.subsystems.files.ssh - 2.1.300.201403100950
2017-10-12 15:58:37,704 - org.eclipse.rse.subsystems.shells.ssh - 2.1.400.201403100950
2017-10-12 15:58:37,750 - org.eclipse.cdt.launch.remote - 2.5.0.201606062011
2017-10-12 15:58:37,785 - org.eclipse.jgit - 4.8.0.201706111038-r
2017-10-12 15:58:37,786 - org.eclipse.jgit.archive - 4.4.1.201607150455-r
2017-10-12 15:58:37,786 - com.jcraft.jsch - 0.1.53.v201508180515
2017-10-12 15:58:37,786 - javaewah - 1.1.6.v20160919-1400
2017-10-12 15:58:37,786 - org.apache.commons.compress - 1.6.0.v201310281400
2017-10-12 15:58:37,786 - org.slf4j.api - 1.7.2.v20121108-1250
2017-10-12 15:58:37,786 - org.slf4j.impl.log4j12 - 1.7.2.v20131105-2200
2017-10-12 15:58:37,786 - org.apache.log4j - 1.2.15.v201012070815
2017-10-12 15:58:37,882 - org.eclipse.mylyn.wikitext.core - 2.9.0.v20160513-1433
2017-10-12 15:58:37,896 - org.eclipse.mylyn.wikitext.core.ant - 2.9.0.v20160513-1433
2017-10-12 15:58:37,904 - org.eclipse.mylyn.wikitext.core.osgi - 2.9.0.v20160513-1433
2017-10-12 15:58:37,937 - org.eclipse.mylyn.wikitext.textile.core - 2.9.0.v20160513-1433
2017-10-12 15:58:37,978 - org.eclipse.mylyn.wikitext.html.core - 2.9.0.v20160513-1433
2017-10-12 15:58:37,992 - org.eclipse.mylyn.wikitext.markdown.core - 2.9.0.v20160513-1433
2017-10-12 15:58:37,994 - org.eclipse.mylyn.wikitext.mediawiki.core - 2.9.0.v20160513-1433
2017-10-12 15:58:37,998 - org.eclipse.mylyn.wikitext.mediawiki.core.ant - 2.9.0.v20160513-1433
2017-10-12 15:58:38,013 - org.eclipse.mylyn.wikitext.confluence.core - 2.9.0.v20160513-1433
2017-10-12 15:58:38,018 - org.eclipse.mylyn.wikitext.tracwiki.core - 2.9.0.v20160513-1433
2017-10-12 15:58:38,032 - org.eclipse.mylyn.wikitext.twiki.core - 2.9.0.v20160519-0832
2017-10-12 15:58:38,033 - org.eclipse.mylyn.wikitext.ui - 2.9.0.v20160516-1547
2017-10-12 15:58:38,049 - org.eclipse.mylyn.wikitext.help.ui - 2.9.0.v20160524-0547
2017-10-12 15:58:38,056 - org.eclipse.mylyn.wikitext.textile.ui - 2.9.0.v20160513-1433
2017-10-12 15:58:38,066 - org.eclipse.mylyn.wikitext.markdown.ui - 2.9.0.v20160513-1433
2017-10-12 15:58:38,078 - org.eclipse.mylyn.wikitext.mediawiki.ui - 2.9.0.v20160513-1433
2017-10-12 15:58:38,089 - org.eclipse.mylyn.wikitext.confluence.ui - 2.9.0.v20160513-1433
2017-10-12 15:58:38,093 - org.eclipse.mylyn.wikitext.tracwiki.ui - 2.9.0.v20160513-1433
2017-10-12 15:58:38,094 - org.eclipse.mylyn.wikitext.twiki.ui - 2.9.0.v20160513-1433
2017-10-12 15:58:38,109 - org.eclipse.mylyn.wikitext.tasks.ui - 2.9.0.v20160513-1433
2017-10-12 15:58:38,117 - org.eclipse.mylyn.wikitext.context.ui - 2.9.0.v20160513-1433
2017-10-12 15:58:38,131 - org.eclipse.mylyn.wikitext.asciidoc.core - 2.9.0.v20160524-1633
2017-10-12 15:58:38,133 - org.eclipse.mylyn.wikitext.asciidoc.ui - 2.9.0.v20160516-1451
2017-10-12 15:58:38,156 - org.eclipse.rse.core - 3.3.100.201603151753
2017-10-12 15:58:38,183 - org.eclipse.rse.doc.user - 3.4.100.201403101646
2017-10-12 15:58:38,189 - org.eclipse.rse.efs - 2.1.401.201507172212
2017-10-12 15:58:38,195 - org.eclipse.rse.efs.ui - 2.1.400.201403100950
2017-10-12 15:58:38,213 - org.eclipse.rse.importexport - 1.2.300.201403100950
2017-10-12 15:58:38,214 - org.eclipse.rse.files.ui - 3.2.200.201507172213
2017-10-12 15:58:38,231 - org.eclipse.rse.processes.ui - 3.0.400.201403100950
2017-10-12 15:58:38,244 - org.eclipse.rse.services - 3.3.0.201506120731
2017-10-12 15:58:38,245 - org.eclipse.rse.shells.ui - 3.0.500.201403271554
2017-10-12 15:58:38,246 - org.eclipse.rse.subsystems.files.core - 3.3.1.201403100950
2017-10-12 15:58:38,260 - org.eclipse.rse.subsystems.processes.core - 3.1.300.201403100950
2017-10-12 15:58:38,261 - org.eclipse.rse.subsystems.processes.shell.linux - 1.1.400.201403100950
2017-10-12 15:58:38,262 - org.eclipse.rse.subsystems.shells.core - 3.1.300.201403271554
2017-10-12 15:58:38,264 - org.eclipse.rse.ui - 3.3.200.201601281257
2017-10-12 15:58:38,305 - org.eclipse.mylyn.context.core - 3.20.0.v20160421-1902
2017-10-12 15:58:38,306 - org.eclipse.mylyn.context.ui - 3.20.0.v20160421-1902
2017-10-12 15:58:38,330 - org.eclipse.mylyn.resources.ui - 3.20.0.v20160421-1902
2017-10-12 15:58:38,331 - org.eclipse.mylyn.context.tasks.ui - 3.20.0.v20160608-1905
2017-10-12 15:58:38,542 - org.apache.ant - 1.9.6.v201510161327
2017-10-12 15:58:38,616 - org.eclipse.ant.core - 3.4.100.v20160505-0642
2017-10-12 15:58:38,616 - com.jcraft.jsch - 0.1.53.v201508180515
2017-10-12 15:58:38,617 - org.eclipse.compare.core - 3.6.0.v20160418-1534
2017-10-12 15:58:38,618 - org.eclipse.compare - 3.6.0.v20160418-1534
2017-10-12 15:58:38,620 - org.eclipse.core.filebuffers - 3.6.0.v20160503-1849
2017-10-12 15:58:38,620 - org.eclipse.core.filesystem - 1.6.0.v20160503-1608
2017-10-12 15:58:38,621 - org.eclipse.core.net - 1.3.0.v20160418-1534
2017-10-12 15:58:38,621 - org.eclipse.core.net.linux.x86_64 - 1.2.0.v20160323-1650
2017-10-12 15:58:38,623 - org.eclipse.core.resources - 3.11.0.v20160503-1608
2017-10-12 15:58:38,657 - org.eclipse.osgi.util - 3.3.100.v20150423-1351
2017-10-12 15:58:38,658 - org.eclipse.debug.core - 3.10.100.v20160419-1720
2017-10-12 15:58:38,682 - org.eclipse.debug.ui - 3.11.200.v20160518-1858
2017-10-12 15:58:38,683 - org.eclipse.equinox.event - 1.3.200.v20160324-1850
2017-10-12 15:58:38,684 - org.eclipse.ltk.core.refactoring - 3.7.0.v20160419-0705
2017-10-12 15:58:38,685 - org.eclipse.ltk.ui.refactoring - 3.8.0.v20160518-1817
2017-10-12 15:58:38,686 - org.eclipse.platform - 4.6.0.v20160606-1100
2017-10-12 15:58:38,731 - org.eclipse.platform.doc.user - 4.6.0.v20160606-1250
2017-10-12 15:58:38,733 - org.eclipse.search - 3.11.0.v20160519-1501
2017-10-12 15:58:38,734 - org.eclipse.team.core - 3.8.0.v20160418-1534
2017-10-12 15:58:38,741 - org.eclipse.team.ui - 3.8.0.v20160518-1906
2017-10-12 15:58:38,742 - org.eclipse.text - 3.6.0.v20160503-1849
2017-10-12 15:58:38,744 - org.eclipse.jface.text - 3.11.0.v20160505-1301
2017-10-12 15:58:38,744 - org.eclipse.jsch.core - 1.3.0.v20160422-1917
2017-10-12 15:58:38,775 - org.eclipse.jsch.ui - 1.3.0.v20160323-1650
2017-10-12 15:58:38,776 - org.eclipse.ui.console - 3.6.200.v20160518-1858
2017-10-12 15:58:38,778 - org.eclipse.ui.intro - 3.5.0.v20160509-1548
2017-10-12 15:58:38,778 - org.eclipse.ui.intro.universal - 3.3.0.v20160519-1604
2017-10-12 15:58:38,780 - org.eclipse.ui.cheatsheets - 3.5.0.v20160504-0839
2017-10-12 15:58:38,781 - org.eclipse.ui.browser - 3.5.0.v20160518-1929
2017-10-12 15:58:38,782 - org.eclipse.ui.monitoring - 1.1.0.v20160131-1628
2017-10-12 15:58:38,783 - org.eclipse.ui.navigator - 3.6.100.v20160518-1929
2017-10-12 15:58:38,784 - org.eclipse.ui.navigator.resources - 3.5.100.v20160518-1929
2017-10-12 15:58:38,785 - org.eclipse.ui.net - 1.3.0.v20160426-1633
2017-10-12 15:58:38,787 - org.eclipse.ui.workbench.texteditor - 3.10.0.v20160530-2011
2017-10-12 15:58:38,788 - org.eclipse.ui.views - 3.8.100.v20160518-1929
2017-10-12 15:58:38,789 - org.eclipse.ui.editors - 3.10.0.v20160505-0931
2017-10-12 15:58:38,789 - org.eclipse.ui.externaltools - 3.3.100.v20160518-1858
2017-10-12 15:58:38,791 - org.eclipse.ui.ide - 3.12.0.v20160601-1609
2017-10-12 15:58:38,791 - org.eclipse.ui.ide.application - 1.1.100.v20160518-1929
2017-10-12 15:58:38,792 - org.eclipse.core.filesystem.linux.x86_64 - 1.2.200.v20140124-1940
2017-10-12 15:58:38,813 - org.eclipse.core.variables - 3.3.0.v20160419-1720
2017-10-12 15:58:38,814 - org.eclipse.ui.forms - 3.7.0.v20160518-1929
2017-10-12 15:58:38,834 - org.eclipse.ui.views.properties.tabbed - 3.7.0.v20160310-0903
2017-10-12 15:58:38,834 - org.eclipse.equinox.security - 1.2.200.v20150715-1528
2017-10-12 15:58:38,843 - org.eclipse.equinox.security.ui - 1.1.300.v20150803-1225
2017-10-12 15:58:38,849 - org.eclipse.core.externaltools - 1.0.400.v20160509-1057
2017-10-12 15:58:38,850 - org.eclipse.ui.themes - 1.1.100.v20160411-1921
2017-10-12 15:58:38,851 - org.eclipse.core.runtime - 3.12.0.v20160606-1342
2017-10-12 15:58:38,852 - org.eclipse.ui.intro.quicklinks - 1.0.0.v20160515-0255
2017-10-12 15:58:38,890 - org.eclipse.mylyn.discovery.core - 3.20.0.v20160421-1819
2017-10-12 15:58:38,899 - org.eclipse.mylyn.discovery.ui - 3.20.0.v20160421-1819
2017-10-12 15:58:38,918 - org.eclipse.oomph.setup - 1.4.0.v20160530-1355
2017-10-12 15:58:38,919 - org.eclipse.oomph.setup.edit - 1.4.0.v20160426-0423
2017-10-12 15:58:38,921 - org.eclipse.oomph.setup.core - 1.4.0.v20160530-1200
2017-10-12 15:58:38,922 - org.eclipse.oomph.setup.sync - 1.4.0.v20160426-0423
2017-10-12 15:58:38,923 - org.eclipse.oomph.setup.p2 - 1.4.0.v20160530-1200
2017-10-12 15:58:38,924 - org.eclipse.oomph.setup.p2.edit - 1.4.0.v20160426-0423
2017-10-12 15:58:38,925 - org.eclipse.oomph.preferences - 1.4.0.v20160426-0423
2017-10-12 15:58:38,939 - org.eclipse.oomph.jreinfo - 1.4.0.v20160519-0740
2017-10-12 15:58:38,943 - org.eclipse.oomph.extractor.lib - 1.2.0.v20160519-0740
2017-10-12 15:58:38,944 - org.apache.commons.logging - 1.1.1.v201101211721
2017-10-12 15:58:38,944 - org.apache.commons.codec - 1.6.0.v201305230611
2017-10-12 15:58:38,944 - org.apache.httpcomponents.httpclient - 4.3.6.v201511171540
2017-10-12 15:58:38,944 - org.apache.httpcomponents.httpcore - 4.3.3.v201411290715
2017-10-12 15:58:38,945 - org.eclipse.userstorage - 1.0.0.v20160524-0709
2017-10-12 15:58:38,945 - org.eclipse.userstorage.ui - 1.0.0.v20151216-0912
