2017-10-01 16:06:24,416 [Worker-0] DEBUG class java.lang.Class - Starting Andmore Common Plugin...
2017-10-01 16:06:24,416 [Worker-0] DEBUG class java.lang.Class - Andmore Common Plugin started.
2017-10-01 16:06:24,417 [Worker-0] DEBUG class java.lang.Class - Starting Andmore Plugin...
2017-10-01 16:06:24,417 [main] DEBUG class java.lang.Class - Starting Eclipse Andmore Database Core Plugin...
2017-10-01 16:06:24,450 [Worker-0] DEBUG class java.lang.Class - Andmore Plugin started.
2017-10-01 16:06:24,494 [main] DEBUG Studio for Android - JDBC Driver Location:bundleentry://570.fwk1300399812/res/androidjdbc.jar JDBC Driver getBundle().getLocation():reference:file:../../../home/willy/.eclipse/org.eclipse.platform_4.6.0_1543616141_linux_gtk_x86_64/plugins/org.eclipse.andmore.android.common_0.5.0.201605181018.jar
2017-10-01 16:06:24,508 [main] DEBUG Studio for Android - JDBC Driver Path:/home/willy/.eclipse/org.eclipse.platform_4.6.0_1543616141_linux_gtk_x86_64/configuration/org.eclipse.osgi/570/0/.cp/res/androidjdbc.jar
2017-10-01 16:06:24,508 [main] DEBUG Studio for Android - JDBC Driver Location:bundleentry://570.fwk1300399812/res/androidjdbc.jar JDBC Driver getBundle().getLocation():reference:file:../../../home/willy/.eclipse/org.eclipse.platform_4.6.0_1543616141_linux_gtk_x86_64/plugins/org.eclipse.andmore.android.common_0.5.0.201605181018.jar
2017-10-01 16:06:24,508 [main] DEBUG Studio for Android - JDBC Driver Path:/home/willy/.eclipse/org.eclipse.platform_4.6.0_1543616141_linux_gtk_x86_64/configuration/org.eclipse.osgi/570/0/.cp/res/androidjdbc.jar
2017-10-01 16:06:24,527 [main] INFO  Studio for Android - Created a JDBC driver instance at Data Tools.
2017-10-01 16:06:24,537 [main] DEBUG class java.lang.Class - Eclipse Andmore Database Core Plugin started.
2017-10-01 16:06:24,538 [main] DEBUG class java.lang.Class - Starting Eclipse Andmore Database Devices Support Plugin...
2017-10-01 16:06:24,542 [main] DEBUG class java.lang.Class - Eclipse Andmore Database Devices Support Plugin started...
2017-10-12 15:58:38,946 [Worker-5] DEBUG class java.lang.Class - Starting Andmore Common Plugin...
2017-10-12 15:58:38,962 [Worker-5] DEBUG class java.lang.Class - Andmore Common Plugin started.
2017-10-12 15:58:38,963 [Worker-5] DEBUG class java.lang.Class - Starting Andmore Plugin...
2017-10-12 15:58:38,981 [Worker-5] DEBUG class java.lang.Class - Andmore Plugin started.
2017-10-12 15:58:39,027 [Worker-5] DEBUG class java.lang.Class - Starting Andmore Emulator Plugin...
2017-10-12 15:58:39,055 [Worker-5] DEBUG class java.lang.Class - Andmore Emulator Plugin started.
2017-10-12 15:58:39,128 [Worker-5] DEBUG class java.lang.Class - Starting Andmore Handset Plugin...
2017-10-12 15:58:39,128 [Worker-5] DEBUG class java.lang.Class - Andmore Handset Plugin started.
2017-10-12 15:58:39,149 [Worker-5] DEBUG class java.lang.Class - Starting Andmore Remote Device Plugin...
2017-10-12 15:58:39,150 [Worker-5] DEBUG class java.lang.Class - Starting Andmore Remote Device Plugin started.
2017-10-12 15:58:39,163 [Worker-5] DEBUG class java.lang.Class - Starting Andmore Device Services Plugin...
2017-10-12 15:58:39,163 [Worker-5] DEBUG class java.lang.Class - Andmore Device Services Plugin started.
2017-10-12 15:58:39,217 [Instance Event Manager] INFO  Studio for Android - The android device instance status was updated: AndroidPhone Status: OFF
2017-10-12 15:58:39,221 [Instance Event Manager] INFO  Studio for Android - The android device instance status was updated: Android Status: OFF
2017-10-12 15:58:39,224 [Instance Event Manager] INFO  Studio for Android - The android device instance status was updated: AndroidPhone Status: org.eclipse.andmore.android.emulator.status.notavailable
2017-10-12 15:58:39,224 [Instance Event Manager] INFO  Studio for Android - The android device instance status was updated: Android Status: org.eclipse.andmore.android.emulator.status.notavailable
2017-10-12 15:58:39,297 [Worker-5] ERROR Studio for Android - Handler could not be instanced(PLUGIN=org.eclipse.sequoyah.device.framework;ERROR=202)
2017-10-12 15:58:39,298 [Worker-5] ERROR Studio for Android - Handler could not be instanced(PLUGIN=org.eclipse.sequoyah.device.framework;ERROR=202)
2017-10-12 15:58:39,299 [Worker-5] ERROR Studio for Android - Handler could not be instanced(PLUGIN=org.eclipse.sequoyah.device.framework;ERROR=202)
2017-10-12 15:58:39,299 [Worker-5] ERROR Studio for Android - Handler could not be instanced(PLUGIN=org.eclipse.sequoyah.device.framework;ERROR=202)
2017-10-12 15:58:39,299 [Worker-5] ERROR Studio for Android - Handler could not be instanced(PLUGIN=org.eclipse.sequoyah.device.framework;ERROR=202)
2017-10-12 15:58:39,300 [Worker-5] ERROR Studio for Android - Handler could not be instanced(PLUGIN=org.eclipse.sequoyah.device.framework;ERROR=202)
2017-10-12 15:58:39,300 [Worker-5] ERROR Studio for Android - Handler could not be instanced(PLUGIN=org.eclipse.sequoyah.device.framework;ERROR=202)
2017-10-12 15:58:39,300 [Worker-5] ERROR Studio for Android - Handler could not be instanced(PLUGIN=org.eclipse.sequoyah.device.framework;ERROR=202)
2017-10-12 15:58:39,300 [Worker-5] ERROR Studio for Android - Handler could not be instanced(PLUGIN=org.eclipse.sequoyah.device.framework;ERROR=202)
2017-10-12 15:58:39,300 [Worker-5] ERROR Studio for Android - Handler could not be instanced(PLUGIN=org.eclipse.sequoyah.device.framework;ERROR=202)
2017-10-12 15:58:39,301 [Worker-5] ERROR Studio for Android - Handler could not be instanced(PLUGIN=org.eclipse.sequoyah.device.framework;ERROR=202)
2017-10-12 15:58:39,301 [Worker-5] ERROR Studio for Android - Handler could not be instanced(PLUGIN=org.eclipse.sequoyah.device.framework;ERROR=202)
2017-10-12 15:58:39,301 [Worker-5] ERROR Studio for Android - Handler could not be instanced(PLUGIN=org.eclipse.sequoyah.device.framework;ERROR=202)
2017-10-12 15:58:39,301 [Worker-5] ERROR Studio for Android - Handler could not be instanced(PLUGIN=org.eclipse.sequoyah.device.framework;ERROR=202)
2017-10-12 15:58:39,302 [Worker-5] ERROR Studio for Android - Handler could not be instanced(PLUGIN=org.eclipse.sequoyah.device.framework;ERROR=202)
2017-10-12 15:58:39,302 [Worker-5] ERROR Studio for Android - Handler could not be instanced(PLUGIN=org.eclipse.sequoyah.device.framework;ERROR=202)
2017-10-12 15:58:39,302 [Worker-5] ERROR Studio for Android - Handler could not be instanced(PLUGIN=org.eclipse.sequoyah.device.framework;ERROR=202)
2017-10-12 15:58:39,302 [Worker-5] ERROR Studio for Android - Handler could not be instanced(PLUGIN=org.eclipse.sequoyah.device.framework;ERROR=202)
2017-10-12 15:58:39,302 [Worker-5] ERROR Studio for Android - Handler could not be instanced(PLUGIN=org.eclipse.sequoyah.device.framework;ERROR=202)
2017-10-12 15:58:39,302 [Worker-5] ERROR Studio for Android - Handler could not be instanced(PLUGIN=org.eclipse.sequoyah.device.framework;ERROR=202)
2017-10-12 15:58:39,303 [Worker-5] ERROR Studio for Android - Handler could not be instanced(PLUGIN=org.eclipse.sequoyah.device.framework;ERROR=202)
2017-10-12 15:58:39,303 [Worker-5] ERROR Studio for Android - Handler could not be instanced(PLUGIN=org.eclipse.sequoyah.device.framework;ERROR=202)
2017-10-12 15:58:39,303 [Worker-5] ERROR Studio for Android - Handler could not be instanced(PLUGIN=org.eclipse.sequoyah.device.framework;ERROR=202)
2017-10-12 15:58:39,303 [Worker-5] ERROR Studio for Android - Handler could not be instanced(PLUGIN=org.eclipse.sequoyah.device.framework;ERROR=202)
2017-10-12 15:58:39,304 [Worker-5] ERROR Studio for Android - Handler could not be instanced(PLUGIN=org.eclipse.sequoyah.device.framework;ERROR=202)
2017-10-12 15:58:39,304 [Worker-5] ERROR Studio for Android - Handler could not be instanced(PLUGIN=org.eclipse.sequoyah.device.framework;ERROR=202)
2017-10-12 15:58:39,304 [Worker-5] ERROR Studio for Android - Handler could not be instanced(PLUGIN=org.eclipse.sequoyah.device.framework;ERROR=202)
2017-10-12 15:58:39,304 [Worker-5] ERROR Studio for Android - Handler could not be instanced(PLUGIN=org.eclipse.sequoyah.device.framework;ERROR=202)
2017-10-12 15:58:39,304 [Worker-5] ERROR Studio for Android - Handler could not be instanced(PLUGIN=org.eclipse.sequoyah.device.framework;ERROR=202)
2017-10-12 15:58:39,304 [Worker-5] ERROR Studio for Android - Handler could not be instanced(PLUGIN=org.eclipse.sequoyah.device.framework;ERROR=202)
2017-10-12 15:58:39,305 [Worker-5] INFO  Studio for Android - [Status: id=org.eclipse.andmore.android.emulator.status.offline;name=Offline]
2017-10-12 15:58:39,305 [Worker-5] INFO  Studio for Android - [Status: id=org.eclipse.andmore.android.handset.status.handsetonline;name=Online]
2017-10-12 15:58:39,305 [Worker-5] INFO  Studio for Android - [Status: id=INACTIVE;name=INACTIVE]
2017-10-12 15:58:39,305 [Worker-5] INFO  Studio for Android - [Status: id=org.eclipse.andmore.android.emulator.status.notavailable;name=Not available]
2017-10-12 15:58:39,305 [Worker-5] INFO  Studio for Android - [Status: id=IDLE;name=IDLE]
2017-10-12 15:58:39,305 [Worker-5] INFO  Studio for Android - [Status: id=org.eclipse.andmore.android.remote.status.connected;name=Connected]
2017-10-12 15:58:39,305 [Worker-5] INFO  Studio for Android - [Status: id=org.eclipse.andmore.android.remote.status.disconnected;name=Disconnected]
2017-10-12 15:58:39,305 [Worker-5] INFO  Studio for Android - [Status: id=org.eclipse.andmore.android.emulator.status.online;name=Online]
2017-10-12 15:58:39,305 [Worker-5] INFO  Studio for Android - [Status: id=OFF;name=OFF]
2017-10-12 15:58:39,305 [Worker-5] INFO  Studio for Android - [Status: id=org.eclipse.andmore.android.emulator.status.offlineNoData;name=Offline (no user data)]
2017-10-12 15:58:42,156 [main] DEBUG class java.lang.Class - Starting Eclipse Andmore Database Core Plugin...
2017-10-12 15:58:42,272 [main] DEBUG Studio for Android - JDBC Driver Location:bundleentry://570.fwk1300399812/res/androidjdbc.jar JDBC Driver getBundle().getLocation():reference:file:../../../home/willy/.eclipse/org.eclipse.platform_4.6.0_1543616141_linux_gtk_x86_64/plugins/org.eclipse.andmore.android.common_0.5.0.201605181018.jar
2017-10-12 15:58:42,273 [main] DEBUG Studio for Android - JDBC Driver Path:/home/willy/.eclipse/org.eclipse.platform_4.6.0_1543616141_linux_gtk_x86_64/configuration/org.eclipse.osgi/570/0/.cp/res/androidjdbc.jar
2017-10-12 15:58:42,273 [main] DEBUG Studio for Android - JDBC Driver Location:bundleentry://570.fwk1300399812/res/androidjdbc.jar JDBC Driver getBundle().getLocation():reference:file:../../../home/willy/.eclipse/org.eclipse.platform_4.6.0_1543616141_linux_gtk_x86_64/plugins/org.eclipse.andmore.android.common_0.5.0.201605181018.jar
2017-10-12 15:58:42,273 [main] DEBUG Studio for Android - JDBC Driver Path:/home/willy/.eclipse/org.eclipse.platform_4.6.0_1543616141_linux_gtk_x86_64/configuration/org.eclipse.osgi/570/0/.cp/res/androidjdbc.jar
2017-10-12 15:58:42,287 [main] DEBUG class java.lang.Class - Eclipse Andmore Database Core Plugin started.
2017-10-12 15:58:42,288 [main] DEBUG class java.lang.Class - Starting Eclipse Andmore Database Devices Support Plugin...
2017-10-12 15:58:42,293 [main] DEBUG class java.lang.Class - Eclipse Andmore Database Devices Support Plugin started...
2017-10-12 15:58:43,834 [Framework stop] DEBUG Studio for Android - org.eclipse.sequoyah.device.service.start.StartServicePlugin-SHUTDOWN
2017-10-12 15:58:43,950 [Framework stop] DEBUG Studio for Android - org.eclipse.sequoyah.device.framework.ui.DeviceUIPlugin-SHUTDOWN
2017-10-12 15:58:43,951 [Framework stop] DEBUG Studio for Android - org.eclipse.sequoyah.device.service.stop.StopServicePlugin-SHUTDOWN
2017-10-12 15:58:43,951 [Framework stop] DEBUG Studio for Android - org.eclipse.sequoyah.device.framework.DevicePlugin-SHUTDOWN
